# gunzip -c exp/mono/decode/depth_stats_tmp.*.gz | steps/diagnostic/analyze_lattice_depth_stats.py exp/mono/graph 
# Started at Tue Jan 29 14:14:57 CST 2019
#
The total amount of data analyzed assuming 100 frames per second is 0.1 hours
Overall, lattice depth (10,50,90-percentile)=(1,1,2) and mean=1.3
Nonsilence phones as a group account for 99.2% of frames, with lattice depth (10,50,90-percentile)=(1,1,2) and mean=1.3
Phone EY_I accounts for 25.1% of frames, with lattice depth (10,50,90-percentile)=(1,1,2) and mean=1.5
Phone IH_I accounts for 12.1% of frames, with lattice depth (10,50,90-percentile)=(1,1,1) and mean=1.0
Phone DH_B accounts for 6.3% of frames, with lattice depth (10,50,90-percentile)=(1,1,5) and mean=1.6
Phone G_I accounts for 5.9% of frames, with lattice depth (10,50,90-percentile)=(1,1,5) and mean=1.8
Phone IY_E accounts for 3.9% of frames, with lattice depth (10,50,90-percentile)=(1,1,1) and mean=1.0
Phone SH_B accounts for 3.7% of frames, with lattice depth (10,50,90-percentile)=(1,1,1) and mean=1.1
Phone N_I accounts for 3.5% of frames, with lattice depth (10,50,90-percentile)=(1,1,1) and mean=1.0
Phone D_E accounts for 3.1% of frames, with lattice depth (10,50,90-percentile)=(1,1,1) and mean=1.0
Phone ER_E accounts for 2.9% of frames, with lattice depth (10,50,90-percentile)=(1,1,1) and mean=1.1
Phone OW_B accounts for 2.9% of frames, with lattice depth (10,50,90-percentile)=(1,1,1) and mean=1.1
Phone V_I accounts for 2.9% of frames, with lattice depth (10,50,90-percentile)=(1,1,1) and mean=1.1
Phone M_B accounts for 2.9% of frames, with lattice depth (10,50,90-percentile)=(1,1,1) and mean=1.0
Phone AH_E accounts for 2.8% of frames, with lattice depth (10,50,90-percentile)=(1,1,2) and mean=1.3
Phone ER_I accounts for 2.8% of frames, with lattice depth (10,50,90-percentile)=(1,1,1) and mean=1.0
Phone B_B accounts for 2.6% of frames, with lattice depth (10,50,90-percentile)=(1,1,1) and mean=1.0
Phone M_I accounts for 2.3% of frames, with lattice depth (10,50,90-percentile)=(1,1,1) and mean=1.0
Phone D_B accounts for 2.2% of frames, with lattice depth (10,50,90-percentile)=(1,1,1) and mean=1.1
Phone UW_E accounts for 2.1% of frames, with lattice depth (10,50,90-percentile)=(1,1,1) and mean=1.1
Phone L_I accounts for 1.8% of frames, with lattice depth (10,50,90-percentile)=(1,1,1) and mean=1.0
Phone AY_E accounts for 1.7% of frames, with lattice depth (10,50,90-percentile)=(1,1,1) and mean=1.0
Phone N_E accounts for 1.4% of frames, with lattice depth (10,50,90-percentile)=(1,2,5) and mean=2.1
Phone AY_I accounts for 1.4% of frames, with lattice depth (10,50,90-percentile)=(1,1,1) and mean=1.0
Phone EH_I accounts for 1.1% of frames, with lattice depth (10,50,90-percentile)=(1,1,2) and mean=1.2
Phone AH_B accounts for 0.9% of frames, with lattice depth (10,50,90-percentile)=(1,1,2) and mean=1.5
Phone L_E accounts for 0.9% of frames, with lattice depth (10,50,90-percentile)=(1,1,2) and mean=1.2
Phone sil accounts for 0.8% of frames, with lattice depth (10,50,90-percentile)=(1,3,5) and mean=2.5
# Accounting: time=0 threads=1
# Ended (code 0) at Tue Jan 29 14:14:57 CST 2019, elapsed time 0 seconds
