# gmm-latgen-faster --max-active=7000 --beam=13.0 --lattice-beam=6.0 --acoustic-scale=0.083333 --allow-partial=true --word-symbol-table=exp/mono/graph/words.txt exp/mono/final.mdl exp/mono/graph/HCLG.fst "ark,s,cs:apply-cmvn  --utt2spk=ark:data/test/split1/1/utt2spk scp:data/test/split1/1/cmvn.scp scp:data/test/split1/1/feats.scp ark:- | add-deltas  ark:- ark:- |" "ark:|gzip -c > exp/mono/decode/lat.1.gz" 
# Started at Tue Jan 29 14:14:55 CST 2019
#
gmm-latgen-faster --max-active=7000 --beam=13.0 --lattice-beam=6.0 --acoustic-scale=0.083333 --allow-partial=true --word-symbol-table=exp/mono/graph/words.txt exp/mono/final.mdl exp/mono/graph/HCLG.fst 'ark,s,cs:apply-cmvn  --utt2spk=ark:data/test/split1/1/utt2spk scp:data/test/split1/1/cmvn.scp scp:data/test/split1/1/feats.scp ark:- | add-deltas  ark:- ark:- |' 'ark:|gzip -c > exp/mono/decode/lat.1.gz' 
add-deltas ark:- ark:- 
apply-cmvn --utt2spk=ark:data/test/split1/1/utt2spk scp:data/test/split1/1/cmvn.scp scp:data/test/split1/1/feats.scp ark:- 
R040_s1_01 the dew shimmered the the the 
LOG (gmm-latgen-faster[5.5.145~1-b50a]:DecodeUtteranceLatticeFaster():decoder-wrappers.cc:289) Log-like per frame for utterance R040_s1_01 is -7.47097 over 398 frames.
R040_s1_02 the dew shimmered over my shiny blue shell again 
LOG (gmm-latgen-faster[5.5.145~1-b50a]:DecodeUtteranceLatticeFaster():decoder-wrappers.cc:289) Log-like per frame for utterance R040_s1_02 is -7.37066 over 398 frames.
R040_s1_03 the dew shimmered shell again over my shiny blue shell again 
LOG (gmm-latgen-faster[5.5.145~1-b50a]:DecodeUtteranceLatticeFaster():decoder-wrappers.cc:289) Log-like per frame for utterance R040_s1_03 is -7.38249 over 398 frames.
R040_s1_04 the dew shimmered over my shiny blue shell again again 
LOG (gmm-latgen-faster[5.5.145~1-b50a]:DecodeUtteranceLatticeFaster():decoder-wrappers.cc:289) Log-like per frame for utterance R040_s1_04 is -7.17035 over 398 frames.
R040_s1_05 the dew shimmered over my shiny blue shell again 
LOG (gmm-latgen-faster[5.5.145~1-b50a]:DecodeUtteranceLatticeFaster():decoder-wrappers.cc:289) Log-like per frame for utterance R040_s1_05 is -7.05621 over 398 frames.
R040_s1_06 the dew shimmered over my shiny blue shell again 
LOG (gmm-latgen-faster[5.5.145~1-b50a]:DecodeUtteranceLatticeFaster():decoder-wrappers.cc:289) Log-like per frame for utterance R040_s1_06 is -6.86891 over 398 frames.
R040_s1_07 the dew shimmered over my shiny blue shell again 
LOG (gmm-latgen-faster[5.5.145~1-b50a]:DecodeUtteranceLatticeFaster():decoder-wrappers.cc:289) Log-like per frame for utterance R040_s1_07 is -6.83796 over 398 frames.
R040_s1_08 the dew shimmered over my shiny blue shell again 
LOG (gmm-latgen-faster[5.5.145~1-b50a]:DecodeUtteranceLatticeFaster():decoder-wrappers.cc:289) Log-like per frame for utterance R040_s1_08 is -6.86055 over 398 frames.
R040_s1_09 the dew shimmered over my shiny blue shell again 
LOG (gmm-latgen-faster[5.5.145~1-b50a]:DecodeUtteranceLatticeFaster():decoder-wrappers.cc:289) Log-like per frame for utterance R040_s1_09 is -6.84595 over 398 frames.
R040_s1_10 the dew shimmered over my shiny blue shell again 
LOG (gmm-latgen-faster[5.5.145~1-b50a]:DecodeUtteranceLatticeFaster():decoder-wrappers.cc:289) Log-like per frame for utterance R040_s1_10 is -6.8465 over 398 frames.
R040_s1_11 the dew shimmered over my shiny blue shell again 
LOG (gmm-latgen-faster[5.5.145~1-b50a]:DecodeUtteranceLatticeFaster():decoder-wrappers.cc:289) Log-like per frame for utterance R040_s1_11 is -6.75534 over 398 frames.
R040_s1_12 the dew shimmered over my shiny blue shell again again 
LOG (gmm-latgen-faster[5.5.145~1-b50a]:DecodeUtteranceLatticeFaster():decoder-wrappers.cc:289) Log-like per frame for utterance R040_s1_12 is -6.90293 over 398 frames.
R040_s1_13 the dew shimmered over my shiny blue shell again 
LOG (gmm-latgen-faster[5.5.145~1-b50a]:DecodeUtteranceLatticeFaster():decoder-wrappers.cc:289) Log-like per frame for utterance R040_s1_13 is -6.94882 over 398 frames.
R040_s1_14 the dew shimmered over my shiny blue shell again 
LOG (gmm-latgen-faster[5.5.145~1-b50a]:DecodeUtteranceLatticeFaster():decoder-wrappers.cc:289) Log-like per frame for utterance R040_s1_14 is -6.74236 over 398 frames.
R040_s1_15 the dew shimmered over my shiny blue shell again 
LOG (gmm-latgen-faster[5.5.145~1-b50a]:DecodeUtteranceLatticeFaster():decoder-wrappers.cc:289) Log-like per frame for utterance R040_s1_15 is -6.65598 over 398 frames.
R040_s1_16 the dew shimmered over my shiny blue shell again 
LOG (gmm-latgen-faster[5.5.145~1-b50a]:DecodeUtteranceLatticeFaster():decoder-wrappers.cc:289) Log-like per frame for utterance R040_s1_16 is -6.89629 over 398 frames.
R040_s1_17 the dew shimmered over my shiny blue shell again 
LOG (gmm-latgen-faster[5.5.145~1-b50a]:DecodeUtteranceLatticeFaster():decoder-wrappers.cc:289) Log-like per frame for utterance R040_s1_17 is -6.92403 over 398 frames.
R040_s1_18 the dew shimmered over my shiny blue shell again 
LOG (gmm-latgen-faster[5.5.145~1-b50a]:DecodeUtteranceLatticeFaster():decoder-wrappers.cc:289) Log-like per frame for utterance R040_s1_18 is -6.68374 over 398 frames.
R040_s1_19 the dew shimmered over my shiny blue shell again 
LOG (gmm-latgen-faster[5.5.145~1-b50a]:DecodeUtteranceLatticeFaster():decoder-wrappers.cc:289) Log-like per frame for utterance R040_s1_19 is -6.77621 over 398 frames.
R040_s1_20 the dew shimmered over my shiny blue shell again 
LOG (gmm-latgen-faster[5.5.145~1-b50a]:DecodeUtteranceLatticeFaster():decoder-wrappers.cc:289) Log-like per frame for utterance R040_s1_20 is -6.85404 over 398 frames.
R040_s1_21 the dew shimmered over my shiny blue shell again 
LOG (gmm-latgen-faster[5.5.145~1-b50a]:DecodeUtteranceLatticeFaster():decoder-wrappers.cc:289) Log-like per frame for utterance R040_s1_21 is -6.76475 over 398 frames.
R040_s1_22 the dew shimmered over my shiny blue shell again 
LOG (gmm-latgen-faster[5.5.145~1-b50a]:DecodeUtteranceLatticeFaster():decoder-wrappers.cc:289) Log-like per frame for utterance R040_s1_22 is -7.01237 over 398 frames.
R040_s1_23 the dew shimmered over my shiny blue shell again again 
LOG (gmm-latgen-faster[5.5.145~1-b50a]:DecodeUtteranceLatticeFaster():decoder-wrappers.cc:289) Log-like per frame for utterance R040_s1_23 is -6.82907 over 398 frames.
R040_s1_24 the dew shimmered over my shiny blue shell again 
LOG (gmm-latgen-faster[5.5.145~1-b50a]:DecodeUtteranceLatticeFaster():decoder-wrappers.cc:289) Log-like per frame for utterance R040_s1_24 is -6.79375 over 398 frames.
R040_s1_25 the dew shimmered over my shiny blue shell again 
LOG (gmm-latgen-faster[5.5.145~1-b50a]:DecodeUtteranceLatticeFaster():decoder-wrappers.cc:289) Log-like per frame for utterance R040_s1_25 is -6.76919 over 398 frames.
R040_s1_26 the dew shimmered over my shiny blue shell again 
LOG (gmm-latgen-faster[5.5.145~1-b50a]:DecodeUtteranceLatticeFaster():decoder-wrappers.cc:289) Log-like per frame for utterance R040_s1_26 is -6.80659 over 398 frames.
R040_s1_27 the dew shimmered over my shiny blue shell again 
LOG (gmm-latgen-faster[5.5.145~1-b50a]:DecodeUtteranceLatticeFaster():decoder-wrappers.cc:289) Log-like per frame for utterance R040_s1_27 is -6.72003 over 398 frames.
R040_s1_28 the dew shimmered over my shiny blue shell again 
LOG (gmm-latgen-faster[5.5.145~1-b50a]:DecodeUtteranceLatticeFaster():decoder-wrappers.cc:289) Log-like per frame for utterance R040_s1_28 is -6.71498 over 398 frames.
R040_s1_29 the dew shimmered over my shiny blue shell again 
LOG (gmm-latgen-faster[5.5.145~1-b50a]:DecodeUtteranceLatticeFaster():decoder-wrappers.cc:289) Log-like per frame for utterance R040_s1_29 is -6.75291 over 398 frames.
R040_s1_30 the dew shimmered over my shiny blue shell again 
LOG (gmm-latgen-faster[5.5.145~1-b50a]:DecodeUtteranceLatticeFaster():decoder-wrappers.cc:289) Log-like per frame for utterance R040_s1_30 is -6.8563 over 398 frames.
R040_s1_31 the dew shimmered over my shiny blue shell again 
LOG (gmm-latgen-faster[5.5.145~1-b50a]:DecodeUtteranceLatticeFaster():decoder-wrappers.cc:289) Log-like per frame for utterance R040_s1_31 is -6.83884 over 398 frames.
R040_s1_32 the dew shimmered over my shiny blue shell again 
LOG (gmm-latgen-faster[5.5.145~1-b50a]:DecodeUtteranceLatticeFaster():decoder-wrappers.cc:289) Log-like per frame for utterance R040_s1_32 is -6.61072 over 398 frames.
R040_s1_33 the dew shimmered over my shiny blue shell again again 
LOG (gmm-latgen-faster[5.5.145~1-b50a]:DecodeUtteranceLatticeFaster():decoder-wrappers.cc:289) Log-like per frame for utterance R040_s1_33 is -6.67764 over 398 frames.
R040_s1_34 the dew shimmered over my shiny blue shell again again 
LOG (gmm-latgen-faster[5.5.145~1-b50a]:DecodeUtteranceLatticeFaster():decoder-wrappers.cc:289) Log-like per frame for utterance R040_s1_34 is -7.37621 over 398 frames.
R040_s1_35 the dew shimmered over my shiny blue shell again again 
LOG (gmm-latgen-faster[5.5.145~1-b50a]:DecodeUtteranceLatticeFaster():decoder-wrappers.cc:289) Log-like per frame for utterance R040_s1_35 is -6.82493 over 398 frames.
R040_s1_36 the dew shimmered over my shiny blue shell again again 
LOG (gmm-latgen-faster[5.5.145~1-b50a]:DecodeUtteranceLatticeFaster():decoder-wrappers.cc:289) Log-like per frame for utterance R040_s1_36 is -6.97167 over 398 frames.
R040_s1_37 the dew shimmered over my shiny blue shell again again 
LOG (gmm-latgen-faster[5.5.145~1-b50a]:DecodeUtteranceLatticeFaster():decoder-wrappers.cc:289) Log-like per frame for utterance R040_s1_37 is -6.94672 over 398 frames.
R040_s1_38 the dew shimmered over my shiny blue shell again 
LOG (gmm-latgen-faster[5.5.145~1-b50a]:DecodeUtteranceLatticeFaster():decoder-wrappers.cc:289) Log-like per frame for utterance R040_s1_38 is -6.78944 over 398 frames.
R040_s1_39 the dew shimmered over my shiny blue shell again 
LOG (gmm-latgen-faster[5.5.145~1-b50a]:DecodeUtteranceLatticeFaster():decoder-wrappers.cc:289) Log-like per frame for utterance R040_s1_39 is -7.24027 over 398 frames.
R040_s1_40 the dew shimmered over my shiny blue shell again 
LOG (gmm-latgen-faster[5.5.145~1-b50a]:DecodeUtteranceLatticeFaster():decoder-wrappers.cc:289) Log-like per frame for utterance R040_s1_40 is -6.94303 over 398 frames.
R040_s1_41 the dew shimmered over my shiny blue shell again again 
LOG (gmm-latgen-faster[5.5.145~1-b50a]:DecodeUtteranceLatticeFaster():decoder-wrappers.cc:289) Log-like per frame for utterance R040_s1_41 is -6.93475 over 398 frames.
R040_s1_42 the dew shimmered over my shiny blue shell again 
LOG (gmm-latgen-faster[5.5.145~1-b50a]:DecodeUtteranceLatticeFaster():decoder-wrappers.cc:289) Log-like per frame for utterance R040_s1_42 is -7.00383 over 398 frames.
R040_s1_43 the dew shimmered over my shiny blue shell again 
LOG (gmm-latgen-faster[5.5.145~1-b50a]:DecodeUtteranceLatticeFaster():decoder-wrappers.cc:289) Log-like per frame for utterance R040_s1_43 is -6.94767 over 398 frames.
R040_s1_44 the dew shimmered over my shiny blue shell again 
LOG (gmm-latgen-faster[5.5.145~1-b50a]:DecodeUtteranceLatticeFaster():decoder-wrappers.cc:289) Log-like per frame for utterance R040_s1_44 is -6.86523 over 398 frames.
R040_s1_45 the dew shimmered over my shiny blue shell again 
LOG (gmm-latgen-faster[5.5.145~1-b50a]:DecodeUtteranceLatticeFaster():decoder-wrappers.cc:289) Log-like per frame for utterance R040_s1_45 is -6.89123 over 398 frames.
R040_s1_46 the dew shimmered over my shiny blue shell again 
LOG (gmm-latgen-faster[5.5.145~1-b50a]:DecodeUtteranceLatticeFaster():decoder-wrappers.cc:289) Log-like per frame for utterance R040_s1_46 is -6.71683 over 398 frames.
R040_s1_47 the dew shimmered over my shiny blue shell again again 
LOG (gmm-latgen-faster[5.5.145~1-b50a]:DecodeUtteranceLatticeFaster():decoder-wrappers.cc:289) Log-like per frame for utterance R040_s1_47 is -6.76293 over 398 frames.
R040_s1_48 the dew shimmered over my shiny blue shell again 
LOG (gmm-latgen-faster[5.5.145~1-b50a]:DecodeUtteranceLatticeFaster():decoder-wrappers.cc:289) Log-like per frame for utterance R040_s1_48 is -7.03194 over 398 frames.
R040_s1_49 the dew shimmered over my shiny blue shell again 
LOG (gmm-latgen-faster[5.5.145~1-b50a]:DecodeUtteranceLatticeFaster():decoder-wrappers.cc:289) Log-like per frame for utterance R040_s1_49 is -6.72022 over 398 frames.
LOG (apply-cmvn[5.5.145~1-b50a]:main():apply-cmvn.cc:162) Applied cepstral mean normalization to 55 utterances, errors on 0
R040_s1_50 the dew shimmered over my shiny blue shell the again again 
LOG (gmm-latgen-faster[5.5.145~1-b50a]:DecodeUtteranceLatticeFaster():decoder-wrappers.cc:289) Log-like per frame for utterance R040_s1_50 is -7.17909 over 398 frames.
R040_s1_51 the dew shimmered over my shiny blue shell again 
LOG (gmm-latgen-faster[5.5.145~1-b50a]:DecodeUtteranceLatticeFaster():decoder-wrappers.cc:289) Log-like per frame for utterance R040_s1_51 is -6.76447 over 398 frames.
R040_s1_52 the dew shimmered over my shiny blue shell again 
LOG (gmm-latgen-faster[5.5.145~1-b50a]:DecodeUtteranceLatticeFaster():decoder-wrappers.cc:289) Log-like per frame for utterance R040_s1_52 is -6.75083 over 398 frames.
R040_s1_53 the dew again the again again 
LOG (gmm-latgen-faster[5.5.145~1-b50a]:DecodeUtteranceLatticeFaster():decoder-wrappers.cc:289) Log-like per frame for utterance R040_s1_53 is -6.37705 over 398 frames.
R040_s1_54 the dew shimmered over my shiny blue shell again 
LOG (gmm-latgen-faster[5.5.145~1-b50a]:DecodeUtteranceLatticeFaster():decoder-wrappers.cc:289) Log-like per frame for utterance R040_s1_54 is -6.8168 over 398 frames.
R040_s1_55 the dew shimmered over my shiny blue shell again 
LOG (gmm-latgen-faster[5.5.145~1-b50a]:DecodeUtteranceLatticeFaster():decoder-wrappers.cc:289) Log-like per frame for utterance R040_s1_55 is -6.76682 over 398 frames.
LOG (gmm-latgen-faster[5.5.145~1-b50a]:main():gmm-latgen-faster.cc:176) Time taken 1.73273s: real-time factor assuming 100 frames/sec is 0.00791562
LOG (gmm-latgen-faster[5.5.145~1-b50a]:main():gmm-latgen-faster.cc:179) Done 55 utterances, failed for 0
LOG (gmm-latgen-faster[5.5.145~1-b50a]:main():gmm-latgen-faster.cc:181) Overall log-likelihood per frame is -6.88399 over 21890 frames.
# Accounting: time=2 threads=1
# Ended (code 0) at Tue Jan 29 14:14:57 CST 2019, elapsed time 2 seconds
