# lattice-best-path --lm-scale=11 --word-symbol-table=exp/mono/graph/words.txt "ark:gunzip -c exp/mono/decode/lat.*.gz|" ark,t:exp/mono/decode/scoring/11.tra 
# Started at Tue Jan 29 14:14:57 CST 2019
#
lattice-best-path --lm-scale=11 --word-symbol-table=exp/mono/graph/words.txt 'ark:gunzip -c exp/mono/decode/lat.*.gz|' ark,t:exp/mono/decode/scoring/11.tra 
LOG (lattice-best-path[5.5.145~1-b50a]:main():lattice-best-path.cc:99) For utterance R040_s1_01, best cost 412.53 + 35231.5 = 35644 over 398 frames.
R040_s1_01 the dew shimmered the the the 
LOG (lattice-best-path[5.5.145~1-b50a]:main():lattice-best-path.cc:99) For utterance R040_s1_02, best cost 368.871 + 34800 = 35168.9 over 398 frames.
R040_s1_02 the dew shimmered over my shiny blue shell again 
LOG (lattice-best-path[5.5.145~1-b50a]:main():lattice-best-path.cc:99) For utterance R040_s1_03, best cost 457.007 + 34760.4 = 35217.4 over 398 frames.
R040_s1_03 the dew shimmered shell again over my shiny blue shell again 
LOG (lattice-best-path[5.5.145~1-b50a]:main():lattice-best-path.cc:99) For utterance R040_s1_04, best cost 383.176 + 33827.7 = 34210.9 over 398 frames.
R040_s1_04 the dew shimmered over my shiny blue shell again again 
LOG (lattice-best-path[5.5.145~1-b50a]:main():lattice-best-path.cc:99) For utterance R040_s1_05, best cost 346.7 + 33322.4 = 33669.1 over 398 frames.
R040_s1_05 the dew shimmered over my shiny blue shell again 
LOG (lattice-best-path[5.5.145~1-b50a]:main():lattice-best-path.cc:99) For utterance R040_s1_06, best cost 331.375 + 32444.6 = 32775.9 over 398 frames.
R040_s1_06 the dew shimmered over my shiny blue shell again 
LOG (lattice-best-path[5.5.145~1-b50a]:main():lattice-best-path.cc:99) For utterance R040_s1_07, best cost 322.844 + 32306 = 32628.9 over 398 frames.
R040_s1_07 the dew shimmered over my shiny blue shell again 
LOG (lattice-best-path[5.5.145~1-b50a]:main():lattice-best-path.cc:99) For utterance R040_s1_08, best cost 326.233 + 32410.2 = 32736.5 over 398 frames.
R040_s1_08 the dew shimmered over my shiny blue shell again 
LOG (lattice-best-path[5.5.145~1-b50a]:main():lattice-best-path.cc:99) For utterance R040_s1_09, best cost 330.51 + 32335.8 = 32666.3 over 398 frames.
R040_s1_09 the dew shimmered over my shiny blue shell again 
LOG (lattice-best-path[5.5.145~1-b50a]:main():lattice-best-path.cc:99) For utterance R040_s1_10, best cost 324.895 + 32344.6 = 32669.5 over 398 frames.
R040_s1_10 the dew shimmered over my shiny blue shell again 
LOG (lattice-best-path[5.5.145~1-b50a]:main():lattice-best-path.cc:99) For utterance R040_s1_11, best cost 323.39 + 31910.9 = 32234.2 over 398 frames.
R040_s1_11 the dew shimmered over my shiny blue shell again 
LOG (lattice-best-path[5.5.145~1-b50a]:main():lattice-best-path.cc:99) For utterance R040_s1_12, best cost 392.181 + 32540.7 = 32932.9 over 398 frames.
R040_s1_12 the dew shimmered over my shiny blue shell again again 
LOG (lattice-best-path[5.5.145~1-b50a]:main():lattice-best-path.cc:99) For utterance R040_s1_13, best cost 328.808 + 32829 = 33157.8 over 398 frames.
R040_s1_13 the dew shimmered over my shiny blue shell again 
LOG (lattice-best-path[5.5.145~1-b50a]:main():lattice-best-path.cc:99) For utterance R040_s1_14, best cost 331.656 + 31839.8 = 32171.5 over 398 frames.
R040_s1_14 the dew shimmered over my shiny blue shell again 
LOG (lattice-best-path[5.5.145~1-b50a]:main():lattice-best-path.cc:99) For utterance R040_s1_15, best cost 326.44 + 31433 = 31759.4 over 398 frames.
R040_s1_15 the dew shimmered over my shiny blue shell again 
LOG (lattice-best-path[5.5.145~1-b50a]:main():lattice-best-path.cc:99) For utterance R040_s1_16, best cost 315.416 + 32592.7 = 32908.1 over 398 frames.
R040_s1_16 the dew shimmered over my shiny blue shell again 
LOG (lattice-best-path[5.5.145~1-b50a]:main():lattice-best-path.cc:99) For utterance R040_s1_17, best cost 329.868 + 32709.4 = 33039.3 over 398 frames.
R040_s1_17 the dew shimmered over my shiny blue shell again 
LOG (lattice-best-path[5.5.145~1-b50a]:main():lattice-best-path.cc:99) For utterance R040_s1_18, best cost 322.578 + 31569.7 = 31892.3 over 398 frames.
R040_s1_18 the dew shimmered over my shiny blue shell again 
LOG (lattice-best-path[5.5.145~1-b50a]:main():lattice-best-path.cc:99) For utterance R040_s1_19, best cost 319.191 + 32015.1 = 32334.3 over 398 frames.
R040_s1_19 the dew shimmered over my shiny blue shell again 
LOG (lattice-best-path[5.5.145~1-b50a]:main():lattice-best-path.cc:99) For utterance R040_s1_20, best cost 327.67 + 32377.6 = 32705.2 over 398 frames.
R040_s1_20 the dew shimmered over my shiny blue shell again 
LOG (lattice-best-path[5.5.145~1-b50a]:main():lattice-best-path.cc:99) For utterance R040_s1_21, best cost 321.89 + 31957.4 = 32279.3 over 398 frames.
R040_s1_21 the dew shimmered over my shiny blue shell again 
LOG (lattice-best-path[5.5.145~1-b50a]:main():lattice-best-path.cc:99) For utterance R040_s1_22, best cost 330.973 + 33130.1 = 33461.1 over 398 frames.
R040_s1_22 the dew shimmered over my shiny blue shell again 
LOG (lattice-best-path[5.5.145~1-b50a]:main():lattice-best-path.cc:99) For utterance R040_s1_23, best cost 386.941 + 32193.7 = 32580.6 over 398 frames.
R040_s1_23 the dew shimmered over my shiny blue shell again again 
LOG (lattice-best-path[5.5.145~1-b50a]:main():lattice-best-path.cc:99) For utterance R040_s1_24, best cost 328.304 + 32088.9 = 32417.2 over 398 frames.
R040_s1_24 the dew shimmered over my shiny blue shell again 
LOG (lattice-best-path[5.5.145~1-b50a]:main():lattice-best-path.cc:99) For utterance R040_s1_25, best cost 330.732 + 31969 = 32299.7 over 398 frames.
R040_s1_25 the dew shimmered over my shiny blue shell again 
LOG (lattice-best-path[5.5.145~1-b50a]:main():lattice-best-path.cc:99) For utterance R040_s1_26, best cost 335.869 + 32142 = 32477.9 over 398 frames.
R040_s1_26 the dew shimmered over my shiny blue shell again 
LOG (lattice-best-path[5.5.145~1-b50a]:main():lattice-best-path.cc:99) For utterance R040_s1_27, best cost 315.957 + 31750.3 = 32066.3 over 398 frames.
R040_s1_27 the dew shimmered over my shiny blue shell again 
LOG (lattice-best-path[5.5.145~1-b50a]:main():lattice-best-path.cc:99) For utterance R040_s1_28, best cost 323.685 + 31717.8 = 32041.4 over 398 frames.
R040_s1_28 the dew shimmered over my shiny blue shell again 
LOG (lattice-best-path[5.5.145~1-b50a]:main():lattice-best-path.cc:99) For utterance R040_s1_29, best cost 322.218 + 31900.5 = 32222.7 over 398 frames.
R040_s1_29 the dew shimmered over my shiny blue shell again 
LOG (lattice-best-path[5.5.145~1-b50a]:main():lattice-best-path.cc:99) For utterance R040_s1_30, best cost 326.481 + 32389.6 = 32716.1 over 398 frames.
R040_s1_30 the dew shimmered over my shiny blue shell again 
LOG (lattice-best-path[5.5.145~1-b50a]:main():lattice-best-path.cc:99) For utterance R040_s1_31, best cost 325.351 + 32307.5 = 32632.9 over 398 frames.
R040_s1_31 the dew shimmered over my shiny blue shell again 
LOG (lattice-best-path[5.5.145~1-b50a]:main():lattice-best-path.cc:99) For utterance R040_s1_32, best cost 324.653 + 31218.8 = 31543.4 over 398 frames.
R040_s1_32 the dew shimmered over my shiny blue shell again 
LOG (lattice-best-path[5.5.145~1-b50a]:main():lattice-best-path.cc:99) For utterance R040_s1_33, best cost 375.351 + 31483 = 31858.4 over 398 frames.
R040_s1_33 the dew shimmered over my shiny blue shell again again 
LOG (lattice-best-path[5.5.145~1-b50a]:main():lattice-best-path.cc:99) For utterance R040_s1_34, best cost 475.155 + 34710.6 = 35185.8 over 398 frames.
R040_s1_34 the dew shimmered over my shiny blue shell again again 
LOG (lattice-best-path[5.5.145~1-b50a]:main():lattice-best-path.cc:99) For utterance R040_s1_35, best cost 372.295 + 32189.9 = 32562.2 over 398 frames.
R040_s1_35 the dew shimmered over my shiny blue shell again again 
LOG (lattice-best-path[5.5.145~1-b50a]:main():lattice-best-path.cc:99) For utterance R040_s1_36, best cost 382.041 + 32880.1 = 33262.1 over 398 frames.
R040_s1_36 the dew shimmered over my shiny blue shell again again 
LOG (lattice-best-path[5.5.145~1-b50a]:main():lattice-best-path.cc:99) For utterance R040_s1_37, best cost 368.889 + 32775.3 = 33144.1 over 398 frames.
R040_s1_37 the dew shimmered over my shiny blue shell again again 
LOG (lattice-best-path[5.5.145~1-b50a]:main():lattice-best-path.cc:99) For utterance R040_s1_38, best cost 319.392 + 32078.1 = 32397.5 over 398 frames.
R040_s1_38 the dew shimmered over my shiny blue shell again 
LOG (lattice-best-path[5.5.145~1-b50a]:main():lattice-best-path.cc:99) For utterance R040_s1_39, best cost 327.945 + 34221.9 = 34549.9 over 398 frames.
R040_s1_39 the dew shimmered over my shiny blue shell again 
LOG (lattice-best-path[5.5.145~1-b50a]:main():lattice-best-path.cc:99) For utterance R040_s1_40, best cost 316.731 + 32814.5 = 33131.2 over 398 frames.
R040_s1_40 the dew shimmered over my shiny blue shell again 
LOG (lattice-best-path[5.5.145~1-b50a]:main():lattice-best-path.cc:99) For utterance R040_s1_41, best cost 385.241 + 32700.2 = 33085.5 over 398 frames.
R040_s1_41 the dew shimmered over my shiny blue shell again again 
LOG (lattice-best-path[5.5.145~1-b50a]:main():lattice-best-path.cc:99) For utterance R040_s1_42, best cost 328.207 + 33092.4 = 33420.6 over 398 frames.
R040_s1_42 the dew shimmered over my shiny blue shell again 
LOG (lattice-best-path[5.5.145~1-b50a]:main():lattice-best-path.cc:99) For utterance R040_s1_43, best cost 327.483 + 32824.9 = 33152.4 over 398 frames.
R040_s1_43 the dew shimmered over my shiny blue shell again 
LOG (lattice-best-path[5.5.145~1-b50a]:main():lattice-best-path.cc:99) For utterance R040_s1_44, best cost 321.008 + 32438.3 = 32759.3 over 398 frames.
R040_s1_44 the dew shimmered over my shiny blue shell again 
LOG (lattice-best-path[5.5.145~1-b50a]:main():lattice-best-path.cc:99) For utterance R040_s1_45, best cost 324.369 + 32558.8 = 32883.2 over 398 frames.
R040_s1_45 the dew shimmered over my shiny blue shell again 
LOG (lattice-best-path[5.5.145~1-b50a]:main():lattice-best-path.cc:99) For utterance R040_s1_46, best cost 315.989 + 31735 = 32051 over 398 frames.
R040_s1_46 the dew shimmered over my shiny blue shell again 
LOG (lattice-best-path[5.5.145~1-b50a]:main():lattice-best-path.cc:99) For utterance R040_s1_47, best cost 367.891 + 31898.5 = 32266.4 over 398 frames.
R040_s1_47 the dew shimmered over my shiny blue shell again again 
LOG (lattice-best-path[5.5.145~1-b50a]:main():lattice-best-path.cc:99) For utterance R040_s1_48, best cost 340.708 + 33213 = 33553.7 over 398 frames.
R040_s1_48 the dew shimmered over my shiny blue shell again 
LOG (lattice-best-path[5.5.145~1-b50a]:main():lattice-best-path.cc:99) For utterance R040_s1_49, best cost 321.617 + 31745 = 32066.7 over 398 frames.
R040_s1_49 the dew shimmered over my shiny blue shell again 
LOG (lattice-best-path[5.5.145~1-b50a]:main():lattice-best-path.cc:99) For utterance R040_s1_50, best cost 442.925 + 33804.3 = 34247.2 over 398 frames.
R040_s1_50 the dew shimmered over my shiny blue shell the again again 
LOG (lattice-best-path[5.5.145~1-b50a]:main():lattice-best-path.cc:99) For utterance R040_s1_51, best cost 320.529 + 31957.6 = 32278.1 over 398 frames.
R040_s1_51 the dew shimmered over my shiny blue shell again 
LOG (lattice-best-path[5.5.145~1-b50a]:main():lattice-best-path.cc:99) For utterance R040_s1_52, best cost 336.124 + 31875.4 = 32211.6 over 398 frames.
R040_s1_52 the dew shimmered over my shiny blue shell again 
LOG (lattice-best-path[5.5.145~1-b50a]:main():lattice-best-path.cc:99) For utterance R040_s1_53, best cost 453.599 + 29962.1 = 30415.7 over 398 frames.
R040_s1_53 the dew again the again again 
LOG (lattice-best-path[5.5.145~1-b50a]:main():lattice-best-path.cc:99) For utterance R040_s1_54, best cost 328.96 + 32198.3 = 32527.3 over 398 frames.
R040_s1_54 the dew shimmered over my shiny blue shell again 
LOG (lattice-best-path[5.5.145~1-b50a]:main():lattice-best-path.cc:99) For utterance R040_s1_55, best cost 320.827 + 31968.4 = 32289.3 over 398 frames.
R040_s1_55 the dew shimmered over my shiny blue shell again 
LOG (lattice-best-path[5.5.145~1-b50a]:main():lattice-best-path.cc:124) Overall cost per frame is 82.529 = 0.871068 [graph] + 81.6579 [acoustic] over 21890 frames.
LOG (lattice-best-path[5.5.145~1-b50a]:main():lattice-best-path.cc:128) Done 55 lattices, failed for 0
# Accounting: time=0 threads=1
# Ended (code 0) at Tue Jan 29 14:14:57 CST 2019, elapsed time 0 seconds
