# lattice-best-path --lm-scale=7 --word-symbol-table=exp/mono/graph/words.txt "ark:gunzip -c exp/mono/decode/lat.*.gz|" ark,t:exp/mono/decode/scoring/7.tra 
# Started at Tue Jan 29 14:14:57 CST 2019
#
lattice-best-path --lm-scale=7 --word-symbol-table=exp/mono/graph/words.txt 'ark:gunzip -c exp/mono/decode/lat.*.gz|' ark,t:exp/mono/decode/scoring/7.tra 
LOG (lattice-best-path[5.5.145~1-b50a]:main():lattice-best-path.cc:99) For utterance R040_s1_01, best cost 262.519 + 35231.5 = 35494 over 398 frames.
R040_s1_01 the dew shimmered the the the 
LOG (lattice-best-path[5.5.145~1-b50a]:main():lattice-best-path.cc:99) For utterance R040_s1_02, best cost 259.44 + 34767.9 = 35027.4 over 398 frames.
R040_s1_02 the dew shimmered over my shiny blue shell again again 
LOG (lattice-best-path[5.5.145~1-b50a]:main():lattice-best-path.cc:99) For utterance R040_s1_03, best cost 290.823 + 34760.4 = 35051.2 over 398 frames.
R040_s1_03 the dew shimmered shell again over my shiny blue shell again 
LOG (lattice-best-path[5.5.145~1-b50a]:main():lattice-best-path.cc:99) For utterance R040_s1_04, best cost 243.839 + 33827.7 = 34071.6 over 398 frames.
R040_s1_04 the dew shimmered over my shiny blue shell again again 
LOG (lattice-best-path[5.5.145~1-b50a]:main():lattice-best-path.cc:99) For utterance R040_s1_05, best cost 220.627 + 33322.4 = 33543 over 398 frames.
R040_s1_05 the dew shimmered over my shiny blue shell again 
LOG (lattice-best-path[5.5.145~1-b50a]:main():lattice-best-path.cc:99) For utterance R040_s1_06, best cost 210.875 + 32444.6 = 32655.4 over 398 frames.
R040_s1_06 the dew shimmered over my shiny blue shell again 
LOG (lattice-best-path[5.5.145~1-b50a]:main():lattice-best-path.cc:99) For utterance R040_s1_07, best cost 205.446 + 32306 = 32511.5 over 398 frames.
R040_s1_07 the dew shimmered over my shiny blue shell again 
LOG (lattice-best-path[5.5.145~1-b50a]:main():lattice-best-path.cc:99) For utterance R040_s1_08, best cost 207.603 + 32410.2 = 32617.8 over 398 frames.
R040_s1_08 the dew shimmered over my shiny blue shell again 
LOG (lattice-best-path[5.5.145~1-b50a]:main():lattice-best-path.cc:99) For utterance R040_s1_09, best cost 210.325 + 32335.8 = 32546.1 over 398 frames.
R040_s1_09 the dew shimmered over my shiny blue shell again 
LOG (lattice-best-path[5.5.145~1-b50a]:main():lattice-best-path.cc:99) For utterance R040_s1_10, best cost 206.752 + 32344.6 = 32551.3 over 398 frames.
R040_s1_10 the dew shimmered over my shiny blue shell again 
LOG (lattice-best-path[5.5.145~1-b50a]:main():lattice-best-path.cc:99) For utterance R040_s1_11, best cost 205.794 + 31910.9 = 32116.6 over 398 frames.
R040_s1_11 the dew shimmered over my shiny blue shell again 
LOG (lattice-best-path[5.5.145~1-b50a]:main():lattice-best-path.cc:99) For utterance R040_s1_12, best cost 249.57 + 32540.7 = 32790.3 over 398 frames.
R040_s1_12 the dew shimmered over my shiny blue shell again again 
LOG (lattice-best-path[5.5.145~1-b50a]:main():lattice-best-path.cc:99) For utterance R040_s1_13, best cost 209.242 + 32829 = 33038.2 over 398 frames.
R040_s1_13 the dew shimmered over my shiny blue shell again 
LOG (lattice-best-path[5.5.145~1-b50a]:main():lattice-best-path.cc:99) For utterance R040_s1_14, best cost 211.054 + 31839.8 = 32050.9 over 398 frames.
R040_s1_14 the dew shimmered over my shiny blue shell again 
LOG (lattice-best-path[5.5.145~1-b50a]:main():lattice-best-path.cc:99) For utterance R040_s1_15, best cost 207.735 + 31433 = 31640.7 over 398 frames.
R040_s1_15 the dew shimmered over my shiny blue shell again 
LOG (lattice-best-path[5.5.145~1-b50a]:main():lattice-best-path.cc:99) For utterance R040_s1_16, best cost 236.125 + 32551.8 = 32787.9 over 398 frames.
R040_s1_16 the dew shimmered over my shiny blue shell again again 
LOG (lattice-best-path[5.5.145~1-b50a]:main():lattice-best-path.cc:99) For utterance R040_s1_17, best cost 209.916 + 32709.4 = 32919.3 over 398 frames.
R040_s1_17 the dew shimmered over my shiny blue shell again 
LOG (lattice-best-path[5.5.145~1-b50a]:main():lattice-best-path.cc:99) For utterance R040_s1_18, best cost 205.277 + 31569.7 = 31775 over 398 frames.
R040_s1_18 the dew shimmered over my shiny blue shell again 
LOG (lattice-best-path[5.5.145~1-b50a]:main():lattice-best-path.cc:99) For utterance R040_s1_19, best cost 203.121 + 32015.1 = 32218.2 over 398 frames.
R040_s1_19 the dew shimmered over my shiny blue shell again 
LOG (lattice-best-path[5.5.145~1-b50a]:main():lattice-best-path.cc:99) For utterance R040_s1_20, best cost 208.517 + 32377.6 = 32586.1 over 398 frames.
R040_s1_20 the dew shimmered over my shiny blue shell again 
LOG (lattice-best-path[5.5.145~1-b50a]:main():lattice-best-path.cc:99) For utterance R040_s1_21, best cost 204.839 + 31957.4 = 32162.3 over 398 frames.
R040_s1_21 the dew shimmered over my shiny blue shell again 
LOG (lattice-best-path[5.5.145~1-b50a]:main():lattice-best-path.cc:99) For utterance R040_s1_22, best cost 210.619 + 33130.1 = 33340.8 over 398 frames.
R040_s1_22 the dew shimmered over my shiny blue shell again 
LOG (lattice-best-path[5.5.145~1-b50a]:main():lattice-best-path.cc:99) For utterance R040_s1_23, best cost 246.235 + 32193.7 = 32439.9 over 398 frames.
R040_s1_23 the dew shimmered over my shiny blue shell again again 
LOG (lattice-best-path[5.5.145~1-b50a]:main():lattice-best-path.cc:99) For utterance R040_s1_24, best cost 208.921 + 32088.9 = 32297.9 over 398 frames.
R040_s1_24 the dew shimmered over my shiny blue shell again 
LOG (lattice-best-path[5.5.145~1-b50a]:main():lattice-best-path.cc:99) For utterance R040_s1_25, best cost 210.466 + 31969 = 32179.4 over 398 frames.
R040_s1_25 the dew shimmered over my shiny blue shell again 
LOG (lattice-best-path[5.5.145~1-b50a]:main():lattice-best-path.cc:99) For utterance R040_s1_26, best cost 213.735 + 32142 = 32355.7 over 398 frames.
R040_s1_26 the dew shimmered over my shiny blue shell again 
LOG (lattice-best-path[5.5.145~1-b50a]:main():lattice-best-path.cc:99) For utterance R040_s1_27, best cost 201.064 + 31750.3 = 31951.4 over 398 frames.
R040_s1_27 the dew shimmered over my shiny blue shell again 
LOG (lattice-best-path[5.5.145~1-b50a]:main():lattice-best-path.cc:99) For utterance R040_s1_28, best cost 205.981 + 31717.8 = 31923.7 over 398 frames.
R040_s1_28 the dew shimmered over my shiny blue shell again 
LOG (lattice-best-path[5.5.145~1-b50a]:main():lattice-best-path.cc:99) For utterance R040_s1_29, best cost 205.048 + 31900.5 = 32105.5 over 398 frames.
R040_s1_29 the dew shimmered over my shiny blue shell again 
LOG (lattice-best-path[5.5.145~1-b50a]:main():lattice-best-path.cc:99) For utterance R040_s1_30, best cost 207.761 + 32389.6 = 32597.4 over 398 frames.
R040_s1_30 the dew shimmered over my shiny blue shell again 
LOG (lattice-best-path[5.5.145~1-b50a]:main():lattice-best-path.cc:99) For utterance R040_s1_31, best cost 207.042 + 32307.5 = 32514.6 over 398 frames.
R040_s1_31 the dew shimmered over my shiny blue shell again 
LOG (lattice-best-path[5.5.145~1-b50a]:main():lattice-best-path.cc:99) For utterance R040_s1_32, best cost 206.598 + 31218.8 = 31425.4 over 398 frames.
R040_s1_32 the dew shimmered over my shiny blue shell again 
LOG (lattice-best-path[5.5.145~1-b50a]:main():lattice-best-path.cc:99) For utterance R040_s1_33, best cost 238.86 + 31483 = 31721.9 over 398 frames.
R040_s1_33 the dew shimmered over my shiny blue shell again again 
LOG (lattice-best-path[5.5.145~1-b50a]:main():lattice-best-path.cc:99) For utterance R040_s1_34, best cost 302.371 + 34710.6 = 35013 over 398 frames.
R040_s1_34 the dew shimmered over my shiny blue shell again again 
LOG (lattice-best-path[5.5.145~1-b50a]:main():lattice-best-path.cc:99) For utterance R040_s1_35, best cost 236.915 + 32189.9 = 32426.8 over 398 frames.
R040_s1_35 the dew shimmered over my shiny blue shell again again 
LOG (lattice-best-path[5.5.145~1-b50a]:main():lattice-best-path.cc:99) For utterance R040_s1_36, best cost 243.117 + 32880.1 = 33123.2 over 398 frames.
R040_s1_36 the dew shimmered over my shiny blue shell again again 
LOG (lattice-best-path[5.5.145~1-b50a]:main():lattice-best-path.cc:99) For utterance R040_s1_37, best cost 234.748 + 32775.3 = 33010 over 398 frames.
R040_s1_37 the dew shimmered over my shiny blue shell again again 
LOG (lattice-best-path[5.5.145~1-b50a]:main():lattice-best-path.cc:99) For utterance R040_s1_38, best cost 203.249 + 32078.1 = 32281.3 over 398 frames.
R040_s1_38 the dew shimmered over my shiny blue shell again 
LOG (lattice-best-path[5.5.145~1-b50a]:main():lattice-best-path.cc:99) For utterance R040_s1_39, best cost 208.693 + 34221.9 = 34430.6 over 398 frames.
R040_s1_39 the dew shimmered over my shiny blue shell again 
LOG (lattice-best-path[5.5.145~1-b50a]:main():lattice-best-path.cc:99) For utterance R040_s1_40, best cost 201.556 + 32814.5 = 33016.1 over 398 frames.
R040_s1_40 the dew shimmered over my shiny blue shell again 
LOG (lattice-best-path[5.5.145~1-b50a]:main():lattice-best-path.cc:99) For utterance R040_s1_41, best cost 245.153 + 32700.2 = 32945.4 over 398 frames.
R040_s1_41 the dew shimmered over my shiny blue shell again again 
LOG (lattice-best-path[5.5.145~1-b50a]:main():lattice-best-path.cc:99) For utterance R040_s1_42, best cost 208.859 + 33092.4 = 33301.2 over 398 frames.
R040_s1_42 the dew shimmered over my shiny blue shell again 
LOG (lattice-best-path[5.5.145~1-b50a]:main():lattice-best-path.cc:99) For utterance R040_s1_43, best cost 208.398 + 32824.9 = 33033.3 over 398 frames.
R040_s1_43 the dew shimmered over my shiny blue shell again 
LOG (lattice-best-path[5.5.145~1-b50a]:main():lattice-best-path.cc:99) For utterance R040_s1_44, best cost 240.39 + 32400.7 = 32641.1 over 398 frames.
R040_s1_44 the dew shimmered over my shiny blue shell again again 
LOG (lattice-best-path[5.5.145~1-b50a]:main():lattice-best-path.cc:99) For utterance R040_s1_45, best cost 206.417 + 32558.8 = 32765.2 over 398 frames.
R040_s1_45 the dew shimmered over my shiny blue shell again 
LOG (lattice-best-path[5.5.145~1-b50a]:main():lattice-best-path.cc:99) For utterance R040_s1_46, best cost 201.084 + 31735 = 31936.1 over 398 frames.
R040_s1_46 the dew shimmered over my shiny blue shell again 
LOG (lattice-best-path[5.5.145~1-b50a]:main():lattice-best-path.cc:99) For utterance R040_s1_47, best cost 234.113 + 31898.5 = 32132.7 over 398 frames.
R040_s1_47 the dew shimmered over my shiny blue shell again again 
LOG (lattice-best-path[5.5.145~1-b50a]:main():lattice-best-path.cc:99) For utterance R040_s1_48, best cost 216.814 + 33213 = 33429.8 over 398 frames.
R040_s1_48 the dew shimmered over my shiny blue shell again 
LOG (lattice-best-path[5.5.145~1-b50a]:main():lattice-best-path.cc:99) For utterance R040_s1_49, best cost 204.665 + 31745 = 31949.7 over 398 frames.
R040_s1_49 the dew shimmered over my shiny blue shell again 
LOG (lattice-best-path[5.5.145~1-b50a]:main():lattice-best-path.cc:99) For utterance R040_s1_50, best cost 281.861 + 33804.3 = 34086.1 over 398 frames.
R040_s1_50 the dew shimmered over my shiny blue shell the again again 
LOG (lattice-best-path[5.5.145~1-b50a]:main():lattice-best-path.cc:99) For utterance R040_s1_51, best cost 203.973 + 31957.6 = 32161.5 over 398 frames.
R040_s1_51 the dew shimmered over my shiny blue shell again 
LOG (lattice-best-path[5.5.145~1-b50a]:main():lattice-best-path.cc:99) For utterance R040_s1_52, best cost 213.897 + 31875.4 = 32089.3 over 398 frames.
R040_s1_52 the dew shimmered over my shiny blue shell again 
LOG (lattice-best-path[5.5.145~1-b50a]:main():lattice-best-path.cc:99) For utterance R040_s1_53, best cost 355.799 + 29878.1 = 30233.9 over 398 frames.
R040_s1_53 again dew again the again again again 
LOG (lattice-best-path[5.5.145~1-b50a]:main():lattice-best-path.cc:99) For utterance R040_s1_54, best cost 209.338 + 32198.3 = 32407.7 over 398 frames.
R040_s1_54 the dew shimmered over my shiny blue shell again 
LOG (lattice-best-path[5.5.145~1-b50a]:main():lattice-best-path.cc:99) For utterance R040_s1_55, best cost 204.163 + 31968.4 = 32172.6 over 398 frames.
R040_s1_55 the dew shimmered over my shiny blue shell again 
LOG (lattice-best-path[5.5.145~1-b50a]:main():lattice-best-path.cc:124) Overall cost per frame is 82.2108 = 0.561779 [graph] + 81.649 [acoustic] over 21890 frames.
LOG (lattice-best-path[5.5.145~1-b50a]:main():lattice-best-path.cc:128) Done 55 lattices, failed for 0
# Accounting: time=0 threads=1
# Ended (code 0) at Tue Jan 29 14:14:57 CST 2019, elapsed time 0 seconds
