# lattice-best-path --lm-scale=12 --word-symbol-table=exp/mono/graph/words.txt "ark:gunzip -c exp/mono/decode/lat.*.gz|" ark,t:exp/mono/decode/scoring/12.tra 
# Started at Tue Jan 29 14:14:57 CST 2019
#
lattice-best-path --lm-scale=12 --word-symbol-table=exp/mono/graph/words.txt 'ark:gunzip -c exp/mono/decode/lat.*.gz|' ark,t:exp/mono/decode/scoring/12.tra 
LOG (lattice-best-path[5.5.145~1-b50a]:main():lattice-best-path.cc:99) For utterance R040_s1_01, best cost 450.033 + 35231.5 = 35681.5 over 398 frames.
R040_s1_01 the dew shimmered the the the 
LOG (lattice-best-path[5.5.145~1-b50a]:main():lattice-best-path.cc:99) For utterance R040_s1_02, best cost 402.404 + 34800 = 35202.4 over 398 frames.
R040_s1_02 the dew shimmered over my shiny blue shell again 
LOG (lattice-best-path[5.5.145~1-b50a]:main():lattice-best-path.cc:99) For utterance R040_s1_03, best cost 498.553 + 34760.4 = 35258.9 over 398 frames.
R040_s1_03 the dew shimmered shell again over my shiny blue shell again 
LOG (lattice-best-path[5.5.145~1-b50a]:main():lattice-best-path.cc:99) For utterance R040_s1_04, best cost 418.01 + 33827.7 = 34245.8 over 398 frames.
R040_s1_04 the dew shimmered over my shiny blue shell again again 
LOG (lattice-best-path[5.5.145~1-b50a]:main():lattice-best-path.cc:99) For utterance R040_s1_05, best cost 378.219 + 33322.4 = 33700.6 over 398 frames.
R040_s1_05 the dew shimmered over my shiny blue shell again 
LOG (lattice-best-path[5.5.145~1-b50a]:main():lattice-best-path.cc:99) For utterance R040_s1_06, best cost 361.5 + 32444.6 = 32806.1 over 398 frames.
R040_s1_06 the dew shimmered over my shiny blue shell again 
LOG (lattice-best-path[5.5.145~1-b50a]:main():lattice-best-path.cc:99) For utterance R040_s1_07, best cost 352.193 + 32306 = 32658.2 over 398 frames.
R040_s1_07 the dew shimmered over my shiny blue shell again 
LOG (lattice-best-path[5.5.145~1-b50a]:main():lattice-best-path.cc:99) For utterance R040_s1_08, best cost 355.891 + 32410.2 = 32766.1 over 398 frames.
R040_s1_08 the dew shimmered over my shiny blue shell again 
LOG (lattice-best-path[5.5.145~1-b50a]:main():lattice-best-path.cc:99) For utterance R040_s1_09, best cost 360.557 + 32335.8 = 32696.4 over 398 frames.
R040_s1_09 the dew shimmered over my shiny blue shell again 
LOG (lattice-best-path[5.5.145~1-b50a]:main():lattice-best-path.cc:99) For utterance R040_s1_10, best cost 354.431 + 32344.6 = 32699 over 398 frames.
R040_s1_10 the dew shimmered over my shiny blue shell again 
LOG (lattice-best-path[5.5.145~1-b50a]:main():lattice-best-path.cc:99) For utterance R040_s1_11, best cost 352.789 + 31910.9 = 32263.6 over 398 frames.
R040_s1_11 the dew shimmered over my shiny blue shell again 
LOG (lattice-best-path[5.5.145~1-b50a]:main():lattice-best-path.cc:99) For utterance R040_s1_12, best cost 427.834 + 32540.7 = 32968.5 over 398 frames.
R040_s1_12 the dew shimmered over my shiny blue shell again again 
LOG (lattice-best-path[5.5.145~1-b50a]:main():lattice-best-path.cc:99) For utterance R040_s1_13, best cost 358.7 + 32829 = 33187.7 over 398 frames.
R040_s1_13 the dew shimmered over my shiny blue shell again 
LOG (lattice-best-path[5.5.145~1-b50a]:main():lattice-best-path.cc:99) For utterance R040_s1_14, best cost 361.807 + 31839.8 = 32201.7 over 398 frames.
R040_s1_14 the dew shimmered over my shiny blue shell again 
LOG (lattice-best-path[5.5.145~1-b50a]:main():lattice-best-path.cc:99) For utterance R040_s1_15, best cost 356.117 + 31433 = 31789.1 over 398 frames.
R040_s1_15 the dew shimmered over my shiny blue shell again 
LOG (lattice-best-path[5.5.145~1-b50a]:main():lattice-best-path.cc:99) For utterance R040_s1_16, best cost 344.09 + 32592.7 = 32936.8 over 398 frames.
R040_s1_16 the dew shimmered over my shiny blue shell again 
LOG (lattice-best-path[5.5.145~1-b50a]:main():lattice-best-path.cc:99) For utterance R040_s1_17, best cost 359.856 + 32709.4 = 33069.3 over 398 frames.
R040_s1_17 the dew shimmered over my shiny blue shell again 
LOG (lattice-best-path[5.5.145~1-b50a]:main():lattice-best-path.cc:99) For utterance R040_s1_18, best cost 351.903 + 31569.7 = 31921.6 over 398 frames.
R040_s1_18 the dew shimmered over my shiny blue shell again 
LOG (lattice-best-path[5.5.145~1-b50a]:main():lattice-best-path.cc:99) For utterance R040_s1_19, best cost 348.208 + 32015.1 = 32363.3 over 398 frames.
R040_s1_19 the dew shimmered over my shiny blue shell again 
LOG (lattice-best-path[5.5.145~1-b50a]:main():lattice-best-path.cc:99) For utterance R040_s1_20, best cost 357.458 + 32377.6 = 32735 over 398 frames.
R040_s1_20 the dew shimmered over my shiny blue shell again 
LOG (lattice-best-path[5.5.145~1-b50a]:main():lattice-best-path.cc:99) For utterance R040_s1_21, best cost 351.152 + 31957.4 = 32308.6 over 398 frames.
R040_s1_21 the dew shimmered over my shiny blue shell again 
LOG (lattice-best-path[5.5.145~1-b50a]:main():lattice-best-path.cc:99) For utterance R040_s1_22, best cost 361.061 + 33130.1 = 33491.2 over 398 frames.
R040_s1_22 the dew shimmered over my shiny blue shell again 
LOG (lattice-best-path[5.5.145~1-b50a]:main():lattice-best-path.cc:99) For utterance R040_s1_23, best cost 422.117 + 32193.7 = 32615.8 over 398 frames.
R040_s1_23 the dew shimmered over my shiny blue shell again again 
LOG (lattice-best-path[5.5.145~1-b50a]:main():lattice-best-path.cc:99) For utterance R040_s1_24, best cost 358.15 + 32088.9 = 32447.1 over 398 frames.
R040_s1_24 the dew shimmered over my shiny blue shell again 
LOG (lattice-best-path[5.5.145~1-b50a]:main():lattice-best-path.cc:99) For utterance R040_s1_25, best cost 360.798 + 31969 = 32329.8 over 398 frames.
R040_s1_25 the dew shimmered over my shiny blue shell again 
LOG (lattice-best-path[5.5.145~1-b50a]:main():lattice-best-path.cc:99) For utterance R040_s1_26, best cost 366.402 + 32142 = 32508.4 over 398 frames.
R040_s1_26 the dew shimmered over my shiny blue shell again 
LOG (lattice-best-path[5.5.145~1-b50a]:main():lattice-best-path.cc:99) For utterance R040_s1_27, best cost 344.681 + 31750.3 = 32095 over 398 frames.
R040_s1_27 the dew shimmered over my shiny blue shell again 
LOG (lattice-best-path[5.5.145~1-b50a]:main():lattice-best-path.cc:99) For utterance R040_s1_28, best cost 353.111 + 31717.8 = 32070.9 over 398 frames.
R040_s1_28 the dew shimmered over my shiny blue shell again 
LOG (lattice-best-path[5.5.145~1-b50a]:main():lattice-best-path.cc:99) For utterance R040_s1_29, best cost 351.51 + 31900.5 = 32252 over 398 frames.
R040_s1_29 the dew shimmered over my shiny blue shell again 
LOG (lattice-best-path[5.5.145~1-b50a]:main():lattice-best-path.cc:99) For utterance R040_s1_30, best cost 356.161 + 32389.6 = 32745.8 over 398 frames.
R040_s1_30 the dew shimmered over my shiny blue shell again 
LOG (lattice-best-path[5.5.145~1-b50a]:main():lattice-best-path.cc:99) For utterance R040_s1_31, best cost 354.928 + 32307.5 = 32662.4 over 398 frames.
R040_s1_31 the dew shimmered over my shiny blue shell again 
LOG (lattice-best-path[5.5.145~1-b50a]:main():lattice-best-path.cc:99) For utterance R040_s1_32, best cost 354.167 + 31218.8 = 31572.9 over 398 frames.
R040_s1_32 the dew shimmered over my shiny blue shell again 
LOG (lattice-best-path[5.5.145~1-b50a]:main():lattice-best-path.cc:99) For utterance R040_s1_33, best cost 409.474 + 31483 = 31892.5 over 398 frames.
R040_s1_33 the dew shimmered over my shiny blue shell again again 
LOG (lattice-best-path[5.5.145~1-b50a]:main():lattice-best-path.cc:99) For utterance R040_s1_34, best cost 518.351 + 34710.6 = 35228.9 over 398 frames.
R040_s1_34 the dew shimmered over my shiny blue shell again again 
LOG (lattice-best-path[5.5.145~1-b50a]:main():lattice-best-path.cc:99) For utterance R040_s1_35, best cost 406.14 + 32189.9 = 32596 over 398 frames.
R040_s1_35 the dew shimmered over my shiny blue shell again again 
LOG (lattice-best-path[5.5.145~1-b50a]:main():lattice-best-path.cc:99) For utterance R040_s1_36, best cost 416.772 + 32880.1 = 33296.9 over 398 frames.
R040_s1_36 the dew shimmered over my shiny blue shell again again 
LOG (lattice-best-path[5.5.145~1-b50a]:main():lattice-best-path.cc:99) For utterance R040_s1_37, best cost 402.424 + 32775.3 = 33177.7 over 398 frames.
R040_s1_37 the dew shimmered over my shiny blue shell again again 
LOG (lattice-best-path[5.5.145~1-b50a]:main():lattice-best-path.cc:99) For utterance R040_s1_38, best cost 348.427 + 32078.1 = 32426.5 over 398 frames.
R040_s1_38 the dew shimmered over my shiny blue shell again 
LOG (lattice-best-path[5.5.145~1-b50a]:main():lattice-best-path.cc:99) For utterance R040_s1_39, best cost 357.759 + 34221.9 = 34579.7 over 398 frames.
R040_s1_39 the dew shimmered over my shiny blue shell again 
LOG (lattice-best-path[5.5.145~1-b50a]:main():lattice-best-path.cc:99) For utterance R040_s1_40, best cost 345.524 + 32814.5 = 33160 over 398 frames.
R040_s1_40 the dew shimmered over my shiny blue shell again 
LOG (lattice-best-path[5.5.145~1-b50a]:main():lattice-best-path.cc:99) For utterance R040_s1_41, best cost 420.263 + 32700.2 = 33120.5 over 398 frames.
R040_s1_41 the dew shimmered over my shiny blue shell again again 
LOG (lattice-best-path[5.5.145~1-b50a]:main():lattice-best-path.cc:99) For utterance R040_s1_42, best cost 358.044 + 33092.4 = 33450.4 over 398 frames.
R040_s1_42 the dew shimmered over my shiny blue shell again 
LOG (lattice-best-path[5.5.145~1-b50a]:main():lattice-best-path.cc:99) For utterance R040_s1_43, best cost 357.254 + 32824.9 = 33182.2 over 398 frames.
R040_s1_43 the dew shimmered over my shiny blue shell again 
LOG (lattice-best-path[5.5.145~1-b50a]:main():lattice-best-path.cc:99) For utterance R040_s1_44, best cost 350.191 + 32438.3 = 32788.5 over 398 frames.
R040_s1_44 the dew shimmered over my shiny blue shell again 
LOG (lattice-best-path[5.5.145~1-b50a]:main():lattice-best-path.cc:99) For utterance R040_s1_45, best cost 353.857 + 32558.8 = 32912.7 over 398 frames.
R040_s1_45 the dew shimmered over my shiny blue shell again 
LOG (lattice-best-path[5.5.145~1-b50a]:main():lattice-best-path.cc:99) For utterance R040_s1_46, best cost 344.715 + 31735 = 32079.7 over 398 frames.
R040_s1_46 the dew shimmered over my shiny blue shell again 
LOG (lattice-best-path[5.5.145~1-b50a]:main():lattice-best-path.cc:99) For utterance R040_s1_47, best cost 401.336 + 31898.5 = 32299.9 over 398 frames.
R040_s1_47 the dew shimmered over my shiny blue shell again again 
LOG (lattice-best-path[5.5.145~1-b50a]:main():lattice-best-path.cc:99) For utterance R040_s1_48, best cost 371.682 + 33213 = 33584.7 over 398 frames.
R040_s1_48 the dew shimmered over my shiny blue shell again 
LOG (lattice-best-path[5.5.145~1-b50a]:main():lattice-best-path.cc:99) For utterance R040_s1_49, best cost 350.854 + 31745 = 32095.9 over 398 frames.
R040_s1_49 the dew shimmered over my shiny blue shell again 
LOG (lattice-best-path[5.5.145~1-b50a]:main():lattice-best-path.cc:99) For utterance R040_s1_50, best cost 483.191 + 33804.3 = 34287.5 over 398 frames.
R040_s1_50 the dew shimmered over my shiny blue shell the again again 
LOG (lattice-best-path[5.5.145~1-b50a]:main():lattice-best-path.cc:99) For utterance R040_s1_51, best cost 349.668 + 31957.6 = 32307.2 over 398 frames.
R040_s1_51 the dew shimmered over my shiny blue shell again 
LOG (lattice-best-path[5.5.145~1-b50a]:main():lattice-best-path.cc:99) For utterance R040_s1_52, best cost 366.681 + 31875.4 = 32242.1 over 398 frames.
R040_s1_52 the dew shimmered over my shiny blue shell again 
LOG (lattice-best-path[5.5.145~1-b50a]:main():lattice-best-path.cc:99) For utterance R040_s1_53, best cost 494.835 + 29962.1 = 30456.9 over 398 frames.
R040_s1_53 the dew again the again again 
LOG (lattice-best-path[5.5.145~1-b50a]:main():lattice-best-path.cc:99) For utterance R040_s1_54, best cost 358.865 + 32198.3 = 32557.2 over 398 frames.
R040_s1_54 the dew shimmered over my shiny blue shell again 
LOG (lattice-best-path[5.5.145~1-b50a]:main():lattice-best-path.cc:99) For utterance R040_s1_55, best cost 349.994 + 31968.4 = 32318.4 over 398 frames.
R040_s1_55 the dew shimmered over my shiny blue shell again 
LOG (lattice-best-path[5.5.145~1-b50a]:main():lattice-best-path.cc:124) Overall cost per frame is 82.6082 = 0.950256 [graph] + 81.6579 [acoustic] over 21890 frames.
LOG (lattice-best-path[5.5.145~1-b50a]:main():lattice-best-path.cc:128) Done 55 lattices, failed for 0
# Accounting: time=0 threads=1
# Ended (code 0) at Tue Jan 29 14:14:57 CST 2019, elapsed time 0 seconds
