# lattice-best-path --lm-scale=8 --word-symbol-table=exp/mono/graph/words.txt "ark:gunzip -c exp/mono/decode/lat.*.gz|" ark,t:exp/mono/decode/scoring/8.tra 
# Started at Tue Jan 29 14:14:57 CST 2019
#
lattice-best-path --lm-scale=8 --word-symbol-table=exp/mono/graph/words.txt 'ark:gunzip -c exp/mono/decode/lat.*.gz|' ark,t:exp/mono/decode/scoring/8.tra 
LOG (lattice-best-path[5.5.145~1-b50a]:main():lattice-best-path.cc:99) For utterance R040_s1_01, best cost 300.022 + 35231.5 = 35531.5 over 398 frames.
R040_s1_01 the dew shimmered the the the 
LOG (lattice-best-path[5.5.145~1-b50a]:main():lattice-best-path.cc:99) For utterance R040_s1_02, best cost 296.503 + 34767.9 = 35064.4 over 398 frames.
R040_s1_02 the dew shimmered over my shiny blue shell again again 
LOG (lattice-best-path[5.5.145~1-b50a]:main():lattice-best-path.cc:99) For utterance R040_s1_03, best cost 332.369 + 34760.4 = 35092.7 over 398 frames.
R040_s1_03 the dew shimmered shell again over my shiny blue shell again 
LOG (lattice-best-path[5.5.145~1-b50a]:main():lattice-best-path.cc:99) For utterance R040_s1_04, best cost 278.673 + 33827.7 = 34106.4 over 398 frames.
R040_s1_04 the dew shimmered over my shiny blue shell again again 
LOG (lattice-best-path[5.5.145~1-b50a]:main():lattice-best-path.cc:99) For utterance R040_s1_05, best cost 252.146 + 33322.4 = 33574.5 over 398 frames.
R040_s1_05 the dew shimmered over my shiny blue shell again 
LOG (lattice-best-path[5.5.145~1-b50a]:main():lattice-best-path.cc:99) For utterance R040_s1_06, best cost 241 + 32444.6 = 32685.6 over 398 frames.
R040_s1_06 the dew shimmered over my shiny blue shell again 
LOG (lattice-best-path[5.5.145~1-b50a]:main():lattice-best-path.cc:99) For utterance R040_s1_07, best cost 234.795 + 32306 = 32540.8 over 398 frames.
R040_s1_07 the dew shimmered over my shiny blue shell again 
LOG (lattice-best-path[5.5.145~1-b50a]:main():lattice-best-path.cc:99) For utterance R040_s1_08, best cost 237.261 + 32410.2 = 32647.5 over 398 frames.
R040_s1_08 the dew shimmered over my shiny blue shell again 
LOG (lattice-best-path[5.5.145~1-b50a]:main():lattice-best-path.cc:99) For utterance R040_s1_09, best cost 240.371 + 32335.8 = 32576.2 over 398 frames.
R040_s1_09 the dew shimmered over my shiny blue shell again 
LOG (lattice-best-path[5.5.145~1-b50a]:main():lattice-best-path.cc:99) For utterance R040_s1_10, best cost 236.288 + 32344.6 = 32580.9 over 398 frames.
R040_s1_10 the dew shimmered over my shiny blue shell again 
LOG (lattice-best-path[5.5.145~1-b50a]:main():lattice-best-path.cc:99) For utterance R040_s1_11, best cost 235.193 + 31910.9 = 32146 over 398 frames.
R040_s1_11 the dew shimmered over my shiny blue shell again 
LOG (lattice-best-path[5.5.145~1-b50a]:main():lattice-best-path.cc:99) For utterance R040_s1_12, best cost 285.222 + 32540.7 = 32825.9 over 398 frames.
R040_s1_12 the dew shimmered over my shiny blue shell again again 
LOG (lattice-best-path[5.5.145~1-b50a]:main():lattice-best-path.cc:99) For utterance R040_s1_13, best cost 239.133 + 32829 = 33068.1 over 398 frames.
R040_s1_13 the dew shimmered over my shiny blue shell again 
LOG (lattice-best-path[5.5.145~1-b50a]:main():lattice-best-path.cc:99) For utterance R040_s1_14, best cost 241.205 + 31839.8 = 32081 over 398 frames.
R040_s1_14 the dew shimmered over my shiny blue shell again 
LOG (lattice-best-path[5.5.145~1-b50a]:main():lattice-best-path.cc:99) For utterance R040_s1_15, best cost 237.411 + 31433 = 31670.4 over 398 frames.
R040_s1_15 the dew shimmered over my shiny blue shell again 
LOG (lattice-best-path[5.5.145~1-b50a]:main():lattice-best-path.cc:99) For utterance R040_s1_16, best cost 269.857 + 32551.8 = 32821.7 over 398 frames.
R040_s1_16 the dew shimmered over my shiny blue shell again again 
LOG (lattice-best-path[5.5.145~1-b50a]:main():lattice-best-path.cc:99) For utterance R040_s1_17, best cost 239.904 + 32709.4 = 32949.3 over 398 frames.
R040_s1_17 the dew shimmered over my shiny blue shell again 
LOG (lattice-best-path[5.5.145~1-b50a]:main():lattice-best-path.cc:99) For utterance R040_s1_18, best cost 234.602 + 31569.7 = 31804.3 over 398 frames.
R040_s1_18 the dew shimmered over my shiny blue shell again 
LOG (lattice-best-path[5.5.145~1-b50a]:main():lattice-best-path.cc:99) For utterance R040_s1_19, best cost 232.139 + 32015.1 = 32247.2 over 398 frames.
R040_s1_19 the dew shimmered over my shiny blue shell again 
LOG (lattice-best-path[5.5.145~1-b50a]:main():lattice-best-path.cc:99) For utterance R040_s1_20, best cost 238.306 + 32377.6 = 32615.9 over 398 frames.
R040_s1_20 the dew shimmered over my shiny blue shell again 
LOG (lattice-best-path[5.5.145~1-b50a]:main():lattice-best-path.cc:99) For utterance R040_s1_21, best cost 234.102 + 31957.4 = 32191.5 over 398 frames.
R040_s1_21 the dew shimmered over my shiny blue shell again 
LOG (lattice-best-path[5.5.145~1-b50a]:main():lattice-best-path.cc:99) For utterance R040_s1_22, best cost 240.707 + 33130.1 = 33370.8 over 398 frames.
R040_s1_22 the dew shimmered over my shiny blue shell again 
LOG (lattice-best-path[5.5.145~1-b50a]:main():lattice-best-path.cc:99) For utterance R040_s1_23, best cost 281.412 + 32193.7 = 32475.1 over 398 frames.
R040_s1_23 the dew shimmered over my shiny blue shell again again 
LOG (lattice-best-path[5.5.145~1-b50a]:main():lattice-best-path.cc:99) For utterance R040_s1_24, best cost 238.767 + 32088.9 = 32327.7 over 398 frames.
R040_s1_24 the dew shimmered over my shiny blue shell again 
LOG (lattice-best-path[5.5.145~1-b50a]:main():lattice-best-path.cc:99) For utterance R040_s1_25, best cost 240.532 + 31969 = 32209.5 over 398 frames.
R040_s1_25 the dew shimmered over my shiny blue shell again 
LOG (lattice-best-path[5.5.145~1-b50a]:main():lattice-best-path.cc:99) For utterance R040_s1_26, best cost 244.268 + 32142 = 32386.3 over 398 frames.
R040_s1_26 the dew shimmered over my shiny blue shell again 
LOG (lattice-best-path[5.5.145~1-b50a]:main():lattice-best-path.cc:99) For utterance R040_s1_27, best cost 229.787 + 31750.3 = 31980.1 over 398 frames.
R040_s1_27 the dew shimmered over my shiny blue shell again 
LOG (lattice-best-path[5.5.145~1-b50a]:main():lattice-best-path.cc:99) For utterance R040_s1_28, best cost 235.407 + 31717.8 = 31953.2 over 398 frames.
R040_s1_28 the dew shimmered over my shiny blue shell again 
LOG (lattice-best-path[5.5.145~1-b50a]:main():lattice-best-path.cc:99) For utterance R040_s1_29, best cost 234.34 + 31900.5 = 32134.8 over 398 frames.
R040_s1_29 the dew shimmered over my shiny blue shell again 
LOG (lattice-best-path[5.5.145~1-b50a]:main():lattice-best-path.cc:99) For utterance R040_s1_30, best cost 237.441 + 32389.6 = 32627.1 over 398 frames.
R040_s1_30 the dew shimmered over my shiny blue shell again 
LOG (lattice-best-path[5.5.145~1-b50a]:main():lattice-best-path.cc:99) For utterance R040_s1_31, best cost 236.619 + 32307.5 = 32544.1 over 398 frames.
R040_s1_31 the dew shimmered over my shiny blue shell again 
LOG (lattice-best-path[5.5.145~1-b50a]:main():lattice-best-path.cc:99) For utterance R040_s1_32, best cost 236.112 + 31218.8 = 31454.9 over 398 frames.
R040_s1_32 the dew shimmered over my shiny blue shell again 
LOG (lattice-best-path[5.5.145~1-b50a]:main():lattice-best-path.cc:99) For utterance R040_s1_33, best cost 272.983 + 31483 = 31756 over 398 frames.
R040_s1_33 the dew shimmered over my shiny blue shell again again 
LOG (lattice-best-path[5.5.145~1-b50a]:main():lattice-best-path.cc:99) For utterance R040_s1_34, best cost 345.567 + 34710.6 = 35056.2 over 398 frames.
R040_s1_34 the dew shimmered over my shiny blue shell again again 
LOG (lattice-best-path[5.5.145~1-b50a]:main():lattice-best-path.cc:99) For utterance R040_s1_35, best cost 270.76 + 32189.9 = 32460.6 over 398 frames.
R040_s1_35 the dew shimmered over my shiny blue shell again again 
LOG (lattice-best-path[5.5.145~1-b50a]:main():lattice-best-path.cc:99) For utterance R040_s1_36, best cost 277.848 + 32880.1 = 33157.9 over 398 frames.
R040_s1_36 the dew shimmered over my shiny blue shell again again 
LOG (lattice-best-path[5.5.145~1-b50a]:main():lattice-best-path.cc:99) For utterance R040_s1_37, best cost 268.283 + 32775.3 = 33043.5 over 398 frames.
R040_s1_37 the dew shimmered over my shiny blue shell again again 
LOG (lattice-best-path[5.5.145~1-b50a]:main():lattice-best-path.cc:99) For utterance R040_s1_38, best cost 232.285 + 32078.1 = 32310.4 over 398 frames.
R040_s1_38 the dew shimmered over my shiny blue shell again 
LOG (lattice-best-path[5.5.145~1-b50a]:main():lattice-best-path.cc:99) For utterance R040_s1_39, best cost 238.506 + 34221.9 = 34460.4 over 398 frames.
R040_s1_39 the dew shimmered over my shiny blue shell again 
LOG (lattice-best-path[5.5.145~1-b50a]:main():lattice-best-path.cc:99) For utterance R040_s1_40, best cost 230.349 + 32814.5 = 33044.8 over 398 frames.
R040_s1_40 the dew shimmered over my shiny blue shell again 
LOG (lattice-best-path[5.5.145~1-b50a]:main():lattice-best-path.cc:99) For utterance R040_s1_41, best cost 280.175 + 32700.2 = 32980.4 over 398 frames.
R040_s1_41 the dew shimmered over my shiny blue shell again again 
LOG (lattice-best-path[5.5.145~1-b50a]:main():lattice-best-path.cc:99) For utterance R040_s1_42, best cost 238.696 + 33092.4 = 33331.1 over 398 frames.
R040_s1_42 the dew shimmered over my shiny blue shell again 
LOG (lattice-best-path[5.5.145~1-b50a]:main():lattice-best-path.cc:99) For utterance R040_s1_43, best cost 238.169 + 32824.9 = 33063.1 over 398 frames.
R040_s1_43 the dew shimmered over my shiny blue shell again 
LOG (lattice-best-path[5.5.145~1-b50a]:main():lattice-best-path.cc:99) For utterance R040_s1_44, best cost 233.46 + 32438.3 = 32671.7 over 398 frames.
R040_s1_44 the dew shimmered over my shiny blue shell again 
LOG (lattice-best-path[5.5.145~1-b50a]:main():lattice-best-path.cc:99) For utterance R040_s1_45, best cost 235.905 + 32558.8 = 32794.7 over 398 frames.
R040_s1_45 the dew shimmered over my shiny blue shell again 
LOG (lattice-best-path[5.5.145~1-b50a]:main():lattice-best-path.cc:99) For utterance R040_s1_46, best cost 229.81 + 31735 = 31964.8 over 398 frames.
R040_s1_46 the dew shimmered over my shiny blue shell again 
LOG (lattice-best-path[5.5.145~1-b50a]:main():lattice-best-path.cc:99) For utterance R040_s1_47, best cost 267.557 + 31898.5 = 32166.1 over 398 frames.
R040_s1_47 the dew shimmered over my shiny blue shell again again 
LOG (lattice-best-path[5.5.145~1-b50a]:main():lattice-best-path.cc:99) For utterance R040_s1_48, best cost 247.788 + 33213 = 33460.8 over 398 frames.
R040_s1_48 the dew shimmered over my shiny blue shell again 
LOG (lattice-best-path[5.5.145~1-b50a]:main():lattice-best-path.cc:99) For utterance R040_s1_49, best cost 233.903 + 31745 = 31978.9 over 398 frames.
R040_s1_49 the dew shimmered over my shiny blue shell again 
LOG (lattice-best-path[5.5.145~1-b50a]:main():lattice-best-path.cc:99) For utterance R040_s1_50, best cost 322.127 + 33804.3 = 34126.4 over 398 frames.
R040_s1_50 the dew shimmered over my shiny blue shell the again again 
LOG (lattice-best-path[5.5.145~1-b50a]:main():lattice-best-path.cc:99) For utterance R040_s1_51, best cost 233.112 + 31957.6 = 32190.7 over 398 frames.
R040_s1_51 the dew shimmered over my shiny blue shell again 
LOG (lattice-best-path[5.5.145~1-b50a]:main():lattice-best-path.cc:99) For utterance R040_s1_52, best cost 244.454 + 31875.4 = 32119.9 over 398 frames.
R040_s1_52 the dew shimmered over my shiny blue shell again 
LOG (lattice-best-path[5.5.145~1-b50a]:main():lattice-best-path.cc:99) For utterance R040_s1_53, best cost 367.255 + 29916.9 = 30284.2 over 398 frames.
R040_s1_53 again dew again the again again 
LOG (lattice-best-path[5.5.145~1-b50a]:main():lattice-best-path.cc:99) For utterance R040_s1_54, best cost 239.243 + 32198.3 = 32437.6 over 398 frames.
R040_s1_54 the dew shimmered over my shiny blue shell again 
LOG (lattice-best-path[5.5.145~1-b50a]:main():lattice-best-path.cc:99) For utterance R040_s1_55, best cost 233.329 + 31968.4 = 32201.8 over 398 frames.
R040_s1_55 the dew shimmered over my shiny blue shell again 
LOG (lattice-best-path[5.5.145~1-b50a]:main():lattice-best-path.cc:124) Overall cost per frame is 82.2909 = 0.638349 [graph] + 81.6525 [acoustic] over 21890 frames.
LOG (lattice-best-path[5.5.145~1-b50a]:main():lattice-best-path.cc:128) Done 55 lattices, failed for 0
# Accounting: time=0 threads=1
# Ended (code 0) at Tue Jan 29 14:14:57 CST 2019, elapsed time 0 seconds
