# align-equal-compiled "ark:gunzip -c exp/mono/fsts.1.gz|" "ark,s,cs:apply-cmvn  --utt2spk=ark:data/train/split1/1/utt2spk scp:data/train/split1/1/cmvn.scp scp:data/train/split1/1/feats.scp ark:- | add-deltas  ark:- ark:- |" ark,t:- | gmm-acc-stats-ali --binary=true exp/mono/0.mdl "ark,s,cs:apply-cmvn  --utt2spk=ark:data/train/split1/1/utt2spk scp:data/train/split1/1/cmvn.scp scp:data/train/split1/1/feats.scp ark:- | add-deltas  ark:- ark:- |" ark:- exp/mono/0.1.acc 
# Started at Tue Jan 29 14:10:49 CST 2019
#
gmm-acc-stats-ali --binary=true exp/mono/0.mdl 'ark,s,cs:apply-cmvn  --utt2spk=ark:data/train/split1/1/utt2spk scp:data/train/split1/1/cmvn.scp scp:data/train/split1/1/feats.scp ark:- | add-deltas  ark:- ark:- |' ark:- exp/mono/0.1.acc 
align-equal-compiled 'ark:gunzip -c exp/mono/fsts.1.gz|' 'ark,s,cs:apply-cmvn  --utt2spk=ark:data/train/split1/1/utt2spk scp:data/train/split1/1/cmvn.scp scp:data/train/split1/1/feats.scp ark:- | add-deltas  ark:- ark:- |' ark,t:- 
add-deltas ark:- ark:- 
apply-cmvn --utt2spk=ark:data/train/split1/1/utt2spk scp:data/train/split1/1/cmvn.scp scp:data/train/split1/1/feats.scp ark:- 
add-deltas ark:- ark:- 
apply-cmvn --utt2spk=ark:data/train/split1/1/utt2spk scp:data/train/split1/1/cmvn.scp scp:data/train/split1/1/feats.scp ark:- 
LOG (gmm-acc-stats-ali[5.5.145~1-b50a]:main():gmm-acc-stats-ali.cc:105) Processed 50 utterances; for utterance R031_s1_50 avg. like is -106.078 over 398 frames.
LOG (gmm-acc-stats-ali[5.5.145~1-b50a]:main():gmm-acc-stats-ali.cc:105) Processed 100 utterances; for utterance R032_s1_45 avg. like is -99.5519 over 398 frames.
LOG (gmm-acc-stats-ali[5.5.145~1-b50a]:main():gmm-acc-stats-ali.cc:105) Processed 150 utterances; for utterance R033_s1_40 avg. like is -104.225 over 398 frames.
LOG (gmm-acc-stats-ali[5.5.145~1-b50a]:main():gmm-acc-stats-ali.cc:105) Processed 200 utterances; for utterance R034_s1_35 avg. like is -107.874 over 398 frames.
LOG (gmm-acc-stats-ali[5.5.145~1-b50a]:main():gmm-acc-stats-ali.cc:105) Processed 250 utterances; for utterance R035_s1_30 avg. like is -106.297 over 398 frames.
LOG (gmm-acc-stats-ali[5.5.145~1-b50a]:main():gmm-acc-stats-ali.cc:105) Processed 300 utterances; for utterance R036_s1_25 avg. like is -100.924 over 398 frames.
LOG (gmm-acc-stats-ali[5.5.145~1-b50a]:main():gmm-acc-stats-ali.cc:105) Processed 350 utterances; for utterance R037_s1_20 avg. like is -106.384 over 398 frames.
LOG (gmm-acc-stats-ali[5.5.145~1-b50a]:main():gmm-acc-stats-ali.cc:105) Processed 400 utterances; for utterance R038_s1_15 avg. like is -104.23 over 398 frames.
LOG (apply-cmvn[5.5.145~1-b50a]:main():apply-cmvn.cc:162) Applied cepstral mean normalization to 495 utterances, errors on 0
LOG (align-equal-compiled[5.5.145~1-b50a]:main():align-equal-compiled.cc:107) Success: done 495 utterances.
LOG (gmm-acc-stats-ali[5.5.145~1-b50a]:main():gmm-acc-stats-ali.cc:105) Processed 450 utterances; for utterance R039_s1_10 avg. like is -105.281 over 398 frames.
LOG (apply-cmvn[5.5.145~1-b50a]:main():apply-cmvn.cc:162) Applied cepstral mean normalization to 495 utterances, errors on 0
LOG (gmm-acc-stats-ali[5.5.145~1-b50a]:main():gmm-acc-stats-ali.cc:112) Done 495 files, 0 with errors.
LOG (gmm-acc-stats-ali[5.5.145~1-b50a]:main():gmm-acc-stats-ali.cc:115) Overall avg like per frame (Gaussian only) = -104.811 over 197010 frames.
LOG (gmm-acc-stats-ali[5.5.145~1-b50a]:main():gmm-acc-stats-ali.cc:123) Written accs.
# Accounting: time=0 threads=1
# Ended (code 0) at Tue Jan 29 14:10:49 CST 2019, elapsed time 0 seconds
