# gmm-est --write-occs=exp/mono/18.occs --mix-up=560 --power=0.25 exp/mono/17.mdl "gmm-sum-accs - exp/mono/17.*.acc|" exp/mono/18.mdl 
# Started at Tue Jan 29 14:11:15 CST 2019
#
gmm-est --write-occs=exp/mono/18.occs --mix-up=560 --power=0.25 exp/mono/17.mdl 'gmm-sum-accs - exp/mono/17.*.acc|' exp/mono/18.mdl 
gmm-sum-accs - exp/mono/17.1.acc 
LOG (gmm-sum-accs[5.5.145~1-b50a]:main():gmm-sum-accs.cc:63) Summed 1 stats, total count 192632, avg like/frame -81.7091
LOG (gmm-sum-accs[5.5.145~1-b50a]:main():gmm-sum-accs.cc:66) Total count of stats is 192632
LOG (gmm-sum-accs[5.5.145~1-b50a]:main():gmm-sum-accs.cc:67) Written stats to -
LOG (gmm-est[5.5.145~1-b50a]:MleUpdate():transition-model.cc:528) TransitionModel::Update, objf change is 0 per frame over 192632 frames. 
LOG (gmm-est[5.5.145~1-b50a]:MleUpdate():transition-model.cc:531) 12 probabilities floored, 186 out of 266 transition-states skipped due to insuffient data (it is normal to have some skipped.)
LOG (gmm-est[5.5.145~1-b50a]:main():gmm-est.cc:102) Transition model update: Overall 0 log-like improvement per frame over 192632 frames.
WARNING (gmm-est[5.5.145~1-b50a]:MleDiagGmmUpdate():mle-diag-gmm.cc:365) Gaussian has too little data but not removing it because it is the last Gaussian: i = 0, occ = 0, weight = 1
WARNING (gmm-est[5.5.145~1-b50a]:MleDiagGmmUpdate():mle-diag-gmm.cc:365) Gaussian has too little data but not removing it because it is the last Gaussian: i = 0, occ = 0, weight = 1
WARNING (gmm-est[5.5.145~1-b50a]:MleDiagGmmUpdate():mle-diag-gmm.cc:365) Gaussian has too little data but not removing it because it is the last Gaussian: i = 0, occ = 0, weight = 1
WARNING (gmm-est[5.5.145~1-b50a]:MleDiagGmmUpdate():mle-diag-gmm.cc:365) Gaussian has too little data but not removing it because it is the last Gaussian: i = 0, occ = 0, weight = 1
WARNING (gmm-est[5.5.145~1-b50a]:MleDiagGmmUpdate():mle-diag-gmm.cc:365) Gaussian has too little data but not removing it because it is the last Gaussian: i = 0, occ = 0, weight = 1
LOG (gmm-est[5.5.145~1-b50a]:MleAmDiagGmmUpdate():mle-am-diag-gmm.cc:225) 0 variance elements floored in 0 Gaussians, out of 529
LOG (gmm-est[5.5.145~1-b50a]:MleAmDiagGmmUpdate():mle-am-diag-gmm.cc:229) Removed 0 Gaussians due to counts < --min-gaussian-occupancy=10 and --remove-low-count-gaussians=true
LOG (gmm-est[5.5.145~1-b50a]:main():gmm-est.cc:113) GMM update: Overall 0.130408 objective function improvement per frame over 192632 frames
LOG (gmm-est[5.5.145~1-b50a]:main():gmm-est.cc:116) GMM update: Overall avg like per frame = -81.7091 over 192632 frames.
LOG (gmm-est[5.5.145~1-b50a]:SplitByCount():am-diag-gmm.cc:116) Split 64 states with target = 560, power = 0.25, perturb_factor = 0.01 and min_count = 20, split #Gauss from 529 to 560
LOG (gmm-est[5.5.145~1-b50a]:main():gmm-est.cc:146) Written model to exp/mono/18.mdl
# Accounting: time=0 threads=1
# Ended (code 0) at Tue Jan 29 14:11:15 CST 2019, elapsed time 0 seconds
