# gmm-acc-stats-ali exp/tri/33.mdl "ark,s,cs:apply-cmvn  --utt2spk=ark:data/train/split1/1/utt2spk scp:data/train/split1/1/cmvn.scp scp:data/train/split1/1/feats.scp ark:- | add-deltas  ark:- ark:- |" "ark,s,cs:gunzip -c exp/tri/ali.1.gz|" exp/tri/33.1.acc 
# Started at Tue Jan 29 14:25:18 CST 2019
#
gmm-acc-stats-ali exp/tri/33.mdl 'ark,s,cs:apply-cmvn  --utt2spk=ark:data/train/split1/1/utt2spk scp:data/train/split1/1/cmvn.scp scp:data/train/split1/1/feats.scp ark:- | add-deltas  ark:- ark:- |' 'ark,s,cs:gunzip -c exp/tri/ali.1.gz|' exp/tri/33.1.acc 
add-deltas ark:- ark:- 
apply-cmvn --utt2spk=ark:data/train/split1/1/utt2spk scp:data/train/split1/1/cmvn.scp scp:data/train/split1/1/feats.scp ark:- 
LOG (gmm-acc-stats-ali[5.5.145~1-b50a]:main():gmm-acc-stats-ali.cc:105) Processed 50 utterances; for utterance R031_s1_50 avg. like is -66.3509 over 398 frames.
WARNING (gmm-acc-stats-ali[5.5.145~1-b50a]:main():gmm-acc-stats-ali.cc:79) No alignment for utterance R032_s1_35
LOG (gmm-acc-stats-ali[5.5.145~1-b50a]:main():gmm-acc-stats-ali.cc:105) Processed 100 utterances; for utterance R032_s1_46 avg. like is -70.9939 over 398 frames.
LOG (gmm-acc-stats-ali[5.5.145~1-b50a]:main():gmm-acc-stats-ali.cc:105) Processed 150 utterances; for utterance R033_s1_41 avg. like is -68.1536 over 398 frames.
LOG (gmm-acc-stats-ali[5.5.145~1-b50a]:main():gmm-acc-stats-ali.cc:105) Processed 200 utterances; for utterance R034_s1_36 avg. like is -73.8602 over 398 frames.
LOG (gmm-acc-stats-ali[5.5.145~1-b50a]:main():gmm-acc-stats-ali.cc:105) Processed 250 utterances; for utterance R035_s1_31 avg. like is -75.946 over 398 frames.
WARNING (gmm-acc-stats-ali[5.5.145~1-b50a]:main():gmm-acc-stats-ali.cc:79) No alignment for utterance R036_s1_08
WARNING (gmm-acc-stats-ali[5.5.145~1-b50a]:main():gmm-acc-stats-ali.cc:79) No alignment for utterance R036_s1_10
WARNING (gmm-acc-stats-ali[5.5.145~1-b50a]:main():gmm-acc-stats-ali.cc:79) No alignment for utterance R036_s1_13
WARNING (gmm-acc-stats-ali[5.5.145~1-b50a]:main():gmm-acc-stats-ali.cc:79) No alignment for utterance R036_s1_15
WARNING (gmm-acc-stats-ali[5.5.145~1-b50a]:main():gmm-acc-stats-ali.cc:79) No alignment for utterance R036_s1_19
WARNING (gmm-acc-stats-ali[5.5.145~1-b50a]:main():gmm-acc-stats-ali.cc:79) No alignment for utterance R036_s1_29
LOG (gmm-acc-stats-ali[5.5.145~1-b50a]:main():gmm-acc-stats-ali.cc:105) Processed 300 utterances; for utterance R036_s1_32 avg. like is -68.2514 over 398 frames.
WARNING (gmm-acc-stats-ali[5.5.145~1-b50a]:main():gmm-acc-stats-ali.cc:79) No alignment for utterance R036_s1_36
WARNING (gmm-acc-stats-ali[5.5.145~1-b50a]:main():gmm-acc-stats-ali.cc:79) No alignment for utterance R036_s1_37
WARNING (gmm-acc-stats-ali[5.5.145~1-b50a]:main():gmm-acc-stats-ali.cc:79) No alignment for utterance R036_s1_38
WARNING (gmm-acc-stats-ali[5.5.145~1-b50a]:main():gmm-acc-stats-ali.cc:79) No alignment for utterance R036_s1_39
WARNING (gmm-acc-stats-ali[5.5.145~1-b50a]:main():gmm-acc-stats-ali.cc:79) No alignment for utterance R036_s1_44
LOG (gmm-acc-stats-ali[5.5.145~1-b50a]:main():gmm-acc-stats-ali.cc:105) Processed 350 utterances; for utterance R037_s1_32 avg. like is -65.3962 over 398 frames.
LOG (gmm-acc-stats-ali[5.5.145~1-b50a]:main():gmm-acc-stats-ali.cc:105) Processed 400 utterances; for utterance R038_s1_27 avg. like is -63.7806 over 398 frames.
LOG (gmm-acc-stats-ali[5.5.145~1-b50a]:main():gmm-acc-stats-ali.cc:105) Processed 450 utterances; for utterance R039_s1_22 avg. like is -71.967 over 398 frames.
LOG (apply-cmvn[5.5.145~1-b50a]:main():apply-cmvn.cc:162) Applied cepstral mean normalization to 495 utterances, errors on 0
LOG (gmm-acc-stats-ali[5.5.145~1-b50a]:main():gmm-acc-stats-ali.cc:112) Done 483 files, 12 with errors.
LOG (gmm-acc-stats-ali[5.5.145~1-b50a]:main():gmm-acc-stats-ali.cc:115) Overall avg like per frame (Gaussian only) = -69.1265 over 192234 frames.
LOG (gmm-acc-stats-ali[5.5.145~1-b50a]:main():gmm-acc-stats-ali.cc:123) Written accs.
# Accounting: time=4 threads=1
# Ended (code 0) at Tue Jan 29 14:25:22 CST 2019, elapsed time 4 seconds
