# build-tree --verbose=1 --max-leaves=2000 --cluster-thresh=-1 exp/tri/treeacc data/lang/phones/roots.int exp/tri/questions.qst data/lang/topo exp/tri/tree 
# Started at Tue Jan 29 14:23:42 CST 2019
#
build-tree --verbose=1 --max-leaves=2000 --cluster-thresh=-1 exp/tri/treeacc data/lang/phones/roots.int exp/tri/questions.qst data/lang/topo exp/tri/tree 
LOG (build-tree[5.5.145~1-b50a]:main():build-tree.cc:104) Number of separate statistics is 131
LOG (build-tree[5.5.145~1-b50a]:BuildTree():build-tree.cc:161) BuildTree: before building trees, map has 20 leaves.
LOG (build-tree[5.5.145~1-b50a]:SplitDecisionTree():build-tree-utils.cc:577) DoDecisionTreeSplit: split 89 times, #leaves now 109
LOG (build-tree[5.5.145~1-b50a]:BuildTree():build-tree.cc:187) Setting clustering threshold to smallest split 337.156
VLOG[1] (build-tree[5.5.145~1-b50a]:BuildTree():build-tree.cc:196) After decision tree split, num-leaves = 109, like-impr = 6.98621 per frame over 192234 frames.
VLOG[1] (build-tree[5.5.145~1-b50a]:BuildTree():build-tree.cc:200) Including just phones that were split, improvement is 6.98621 per frame over 192234 frames.
LOG (build-tree[5.5.145~1-b50a]:BuildTree():build-tree.cc:215) BuildTree: removed 4 leaves.
VLOG[1] (build-tree[5.5.145~1-b50a]:ClusterEventMapToNClustersRestrictedByMap():build-tree-utils.cc:916) Number of non-empty clusters in map = 19
VLOG[1] (build-tree[5.5.145~1-b50a]:ClusterEventMapToNClustersRestrictedByMap():build-tree-utils.cc:917) Number of non-empty clusters = 104
LOG (build-tree[5.5.145~1-b50a]:BuildTree():build-tree.cc:231) BuildTree: Rounded num leaves to multiple of 8 by removing 1 leaves.
VLOG[1] (build-tree[5.5.145~1-b50a]:BuildTree():build-tree.cc:256) Objf change due to clustering -0.00620078 per frame.
VLOG[1] (build-tree[5.5.145~1-b50a]:BuildTree():build-tree.cc:259) Normalizing over only split phones, this is: -0.00620078 per frame.
VLOG[1] (build-tree[5.5.145~1-b50a]:BuildTree():build-tree.cc:262) Num-leaves is now 104
VLOG[1] (build-tree[5.5.145~1-b50a]:main():build-tree.cc:143) For pdf-id 1, low count 0
VLOG[1] (build-tree[5.5.145~1-b50a]:main():build-tree.cc:143) For pdf-id 5, low count 78
VLOG[1] (build-tree[5.5.145~1-b50a]:main():build-tree.cc:143) For pdf-id 57, low count 76
VLOG[1] (build-tree[5.5.145~1-b50a]:main():build-tree.cc:143) For pdf-id 74, low count 70
VLOG[1] (build-tree[5.5.145~1-b50a]:main():build-tree.cc:143) For pdf-id 87, low count 70
WARNING (build-tree[5.5.145~1-b50a]:main():build-tree.cc:185) Saw no stats for following phones: 2 3 4 5 6 7 8 9 10 13 14 15 18 20 21 22 25 26 28 29 30 31 32 34 35 38 39 40 42 43 44 46 47 48 50 51 53 54 55 58 60 62 63 66 68 69 70 72 73 74 75 77 78 79 80 82 
LOG (build-tree[5.5.145~1-b50a]:main():build-tree.cc:189) Wrote tree
# Accounting: time=0 threads=1
# Ended (code 0) at Tue Jan 29 14:23:42 CST 2019, elapsed time 0 seconds
