# gmm-est --mix-up=3800 --power=0.25 --write-occs=exp/tri/7.occs exp/tri/6.mdl "gmm-sum-accs - exp/tri/6.*.acc |" exp/tri/7.mdl 
# Started at Tue Jan 29 14:23:47 CST 2019
#
gmm-est --mix-up=3800 --power=0.25 --write-occs=exp/tri/7.occs exp/tri/6.mdl 'gmm-sum-accs - exp/tri/6.*.acc |' exp/tri/7.mdl 
gmm-sum-accs - exp/tri/6.1.acc 
LOG (gmm-sum-accs[5.5.145~1-b50a]:main():gmm-sum-accs.cc:63) Summed 1 stats, total count 192234, avg like/frame -76.9208
LOG (gmm-sum-accs[5.5.145~1-b50a]:main():gmm-sum-accs.cc:66) Total count of stats is 192234
LOG (gmm-sum-accs[5.5.145~1-b50a]:main():gmm-sum-accs.cc:67) Written stats to -
LOG (gmm-est[5.5.145~1-b50a]:MleUpdate():transition-model.cc:528) TransitionModel::Update, objf change is 0 per frame over 192234 frames. 
LOG (gmm-est[5.5.145~1-b50a]:MleUpdate():transition-model.cc:531) 9 probabilities floored, 360 out of 470 transition-states skipped due to insuffient data (it is normal to have some skipped.)
LOG (gmm-est[5.5.145~1-b50a]:main():gmm-est.cc:102) Transition model update: Overall 0 log-like improvement per frame over 192234 frames.
WARNING (gmm-est[5.5.145~1-b50a]:MleDiagGmmUpdate():mle-diag-gmm.cc:365) Gaussian has too little data but not removing it because it is the last Gaussian: i = 0, occ = 0, weight = 1
WARNING (gmm-est[5.5.145~1-b50a]:MleDiagGmmUpdate():mle-diag-gmm.cc:359) Too little data - removing Gaussian (weight 0.019628, occupation count 9.617502, vector size 39)
WARNING (gmm-est[5.5.145~1-b50a]:MleDiagGmmUpdate():mle-diag-gmm.cc:359) Too little data - removing Gaussian (weight 0.013743, occupation count 6.733910, vector size 39)
WARNING (gmm-est[5.5.145~1-b50a]:MleDiagGmmUpdate():mle-diag-gmm.cc:359) Too little data - removing Gaussian (weight 0.011221, occupation count 7.877190, vector size 39)
WARNING (gmm-est[5.5.145~1-b50a]:MleDiagGmmUpdate():mle-diag-gmm.cc:359) Too little data - removing Gaussian (weight 0.009055, occupation count 7.742191, vector size 39)
WARNING (gmm-est[5.5.145~1-b50a]:MleDiagGmmUpdate():mle-diag-gmm.cc:359) Too little data - removing Gaussian (weight 0.015288, occupation count 9.142253, vector size 39)
WARNING (gmm-est[5.5.145~1-b50a]:MleDiagGmmUpdate():mle-diag-gmm.cc:359) Too little data - removing Gaussian (weight 0.016179, occupation count 9.675055, vector size 39)
WARNING (gmm-est[5.5.145~1-b50a]:MleDiagGmmUpdate():mle-diag-gmm.cc:359) Too little data - removing Gaussian (weight 0.017657, occupation count 8.669458, vector size 39)
WARNING (gmm-est[5.5.145~1-b50a]:MleDiagGmmUpdate():mle-diag-gmm.cc:359) Too little data - removing Gaussian (weight 0.078770, occupation count 8.192070, vector size 39)
WARNING (gmm-est[5.5.145~1-b50a]:MleDiagGmmUpdate():mle-diag-gmm.cc:359) Too little data - removing Gaussian (weight 0.011441, occupation count 8.260493, vector size 39)
WARNING (gmm-est[5.5.145~1-b50a]:MleDiagGmmUpdate():mle-diag-gmm.cc:359) Too little data - removing Gaussian (weight 0.016918, occupation count 8.882140, vector size 39)
WARNING (gmm-est[5.5.145~1-b50a]:MleDiagGmmUpdate():mle-diag-gmm.cc:359) Too little data - removing Gaussian (weight 0.018093, occupation count 9.498940, vector size 39)
WARNING (gmm-est[5.5.145~1-b50a]:MleDiagGmmUpdate():mle-diag-gmm.cc:359) Too little data - removing Gaussian (weight 0.019084, occupation count 5.839612, vector size 39)
WARNING (gmm-est[5.5.145~1-b50a]:MleDiagGmmUpdate():mle-diag-gmm.cc:359) Too little data - removing Gaussian (weight 0.007224, occupation count 8.343586, vector size 39)
WARNING (gmm-est[5.5.145~1-b50a]:MleDiagGmmUpdate():mle-diag-gmm.cc:359) Too little data - removing Gaussian (weight 0.009130, occupation count 9.458311, vector size 39)
WARNING (gmm-est[5.5.145~1-b50a]:MleDiagGmmUpdate():mle-diag-gmm.cc:359) Too little data - removing Gaussian (weight 0.005774, occupation count 7.413365, vector size 39)
WARNING (gmm-est[5.5.145~1-b50a]:MleDiagGmmUpdate():mle-diag-gmm.cc:359) Too little data - removing Gaussian (weight 0.010132, occupation count 6.444128, vector size 39)
WARNING (gmm-est[5.5.145~1-b50a]:MleDiagGmmUpdate():mle-diag-gmm.cc:359) Too little data - removing Gaussian (weight 0.014920, occupation count 9.593332, vector size 39)
WARNING (gmm-est[5.5.145~1-b50a]:MleDiagGmmUpdate():mle-diag-gmm.cc:359) Too little data - removing Gaussian (weight 0.014563, occupation count 9.364131, vector size 39)
WARNING (gmm-est[5.5.145~1-b50a]:MleDiagGmmUpdate():mle-diag-gmm.cc:359) Too little data - removing Gaussian (weight 0.006811, occupation count 6.150150, vector size 39)
WARNING (gmm-est[5.5.145~1-b50a]:MleDiagGmmUpdate():mle-diag-gmm.cc:359) Too little data - removing Gaussian (weight 0.019080, occupation count 9.921700, vector size 39)
WARNING (gmm-est[5.5.145~1-b50a]:MleDiagGmmUpdate():mle-diag-gmm.cc:359) Too little data - removing Gaussian (weight 0.007013, occupation count 7.462118, vector size 39)
WARNING (gmm-est[5.5.145~1-b50a]:MleDiagGmmUpdate():mle-diag-gmm.cc:359) Too little data - removing Gaussian (weight 0.014334, occupation count 7.639761, vector size 39)
WARNING (gmm-est[5.5.145~1-b50a]:MleDiagGmmUpdate():mle-diag-gmm.cc:359) Too little data - removing Gaussian (weight 0.007755, occupation count 9.034304, vector size 39)
WARNING (gmm-est[5.5.145~1-b50a]:MleDiagGmmUpdate():mle-diag-gmm.cc:359) Too little data - removing Gaussian (weight 0.018667, occupation count 9.613263, vector size 39)
WARNING (gmm-est[5.5.145~1-b50a]:MleDiagGmmUpdate():mle-diag-gmm.cc:359) Too little data - removing Gaussian (weight 0.009025, occupation count 9.358768, vector size 39)
WARNING (gmm-est[5.5.145~1-b50a]:MleDiagGmmUpdate():mle-diag-gmm.cc:359) Too little data - removing Gaussian (weight 0.008017, occupation count 8.313977, vector size 39)
WARNING (gmm-est[5.5.145~1-b50a]:MleDiagGmmUpdate():mle-diag-gmm.cc:359) Too little data - removing Gaussian (weight 0.004177, occupation count 2.865553, vector size 39)
WARNING (gmm-est[5.5.145~1-b50a]:MleDiagGmmUpdate():mle-diag-gmm.cc:359) Too little data - removing Gaussian (weight 0.010757, occupation count 9.864326, vector size 39)
WARNING (gmm-est[5.5.145~1-b50a]:MleDiagGmmUpdate():mle-diag-gmm.cc:359) Too little data - removing Gaussian (weight 0.016362, occupation count 8.491649, vector size 39)
WARNING (gmm-est[5.5.145~1-b50a]:MleDiagGmmUpdate():mle-diag-gmm.cc:359) Too little data - removing Gaussian (weight 0.016146, occupation count 8.379681, vector size 39)
LOG (gmm-est[5.5.145~1-b50a]:MleAmDiagGmmUpdate():mle-am-diag-gmm.cc:225) 0 variance elements floored in 0 Gaussians, out of 3410
LOG (gmm-est[5.5.145~1-b50a]:MleAmDiagGmmUpdate():mle-am-diag-gmm.cc:229) Removed 30 Gaussians due to counts < --min-gaussian-occupancy=10 and --remove-low-count-gaussians=true
LOG (gmm-est[5.5.145~1-b50a]:main():gmm-est.cc:113) GMM update: Overall 0.629011 objective function improvement per frame over 192234 frames
LOG (gmm-est[5.5.145~1-b50a]:main():gmm-est.cc:116) GMM update: Overall avg like per frame = -76.9208 over 192234 frames.
LOG (gmm-est[5.5.145~1-b50a]:SplitByCount():am-diag-gmm.cc:116) Split 104 states with target = 3800, power = 0.25, perturb_factor = 0.01 and min_count = 20, split #Gauss from 3410 to 3800
LOG (gmm-est[5.5.145~1-b50a]:main():gmm-est.cc:146) Written model to exp/tri/7.mdl
# Accounting: time=0 threads=1
# Ended (code 0) at Tue Jan 29 14:23:47 CST 2019, elapsed time 0 seconds
