# gmm-est --mix-up=10280 --power=0.25 --write-occs=exp/tri/25.occs exp/tri/24.mdl "gmm-sum-accs - exp/tri/24.*.acc |" exp/tri/25.mdl 
# Started at Tue Jan 29 14:24:38 CST 2019
#
gmm-est --mix-up=10280 --power=0.25 --write-occs=exp/tri/25.occs exp/tri/24.mdl 'gmm-sum-accs - exp/tri/24.*.acc |' exp/tri/25.mdl 
gmm-sum-accs - exp/tri/24.1.acc 
LOG (gmm-sum-accs[5.5.145~1-b50a]:main():gmm-sum-accs.cc:63) Summed 1 stats, total count 192234, avg like/frame -69.6806
LOG (gmm-sum-accs[5.5.145~1-b50a]:main():gmm-sum-accs.cc:66) Total count of stats is 192234
LOG (gmm-sum-accs[5.5.145~1-b50a]:main():gmm-sum-accs.cc:67) Written stats to -
LOG (gmm-est[5.5.145~1-b50a]:MleUpdate():transition-model.cc:528) TransitionModel::Update, objf change is 0 per frame over 192234 frames. 
LOG (gmm-est[5.5.145~1-b50a]:MleUpdate():transition-model.cc:531) 12 probabilities floored, 360 out of 470 transition-states skipped due to insuffient data (it is normal to have some skipped.)
LOG (gmm-est[5.5.145~1-b50a]:main():gmm-est.cc:102) Transition model update: Overall 0 log-like improvement per frame over 192234 frames.
WARNING (gmm-est[5.5.145~1-b50a]:MleDiagGmmUpdate():mle-diag-gmm.cc:365) Gaussian has too little data but not removing it because it is the last Gaussian: i = 0, occ = 0, weight = 1
WARNING (gmm-est[5.5.145~1-b50a]:MleDiagGmmUpdate():mle-diag-gmm.cc:359) Too little data - removing Gaussian (weight 0.004112, occupation count 9.993344, vector size 39)
WARNING (gmm-est[5.5.145~1-b50a]:MleDiagGmmUpdate():mle-diag-gmm.cc:359) Too little data - removing Gaussian (weight 0.000802, occupation count 9.841885, vector size 39)
WARNING (gmm-est[5.5.145~1-b50a]:MleDiagGmmUpdate():mle-diag-gmm.cc:359) Too little data - removing Gaussian (weight 0.001926, occupation count 9.639968, vector size 39)
WARNING (gmm-est[5.5.145~1-b50a]:MleDiagGmmUpdate():mle-diag-gmm.cc:359) Too little data - removing Gaussian (weight 0.006750, occupation count 9.962547, vector size 39)
WARNING (gmm-est[5.5.145~1-b50a]:MleDiagGmmUpdate():mle-diag-gmm.cc:359) Too little data - removing Gaussian (weight 0.001168, occupation count 8.943316, vector size 39)
WARNING (gmm-est[5.5.145~1-b50a]:MleDiagGmmUpdate():mle-diag-gmm.cc:359) Too little data - removing Gaussian (weight 0.003665, occupation count 9.971854, vector size 39)
WARNING (gmm-est[5.5.145~1-b50a]:MleDiagGmmUpdate():mle-diag-gmm.cc:359) Too little data - removing Gaussian (weight 0.002462, occupation count 9.814463, vector size 39)
LOG (gmm-est[5.5.145~1-b50a]:MleAmDiagGmmUpdate():mle-am-diag-gmm.cc:225) 27 variance elements floored in 27 Gaussians, out of 9554
LOG (gmm-est[5.5.145~1-b50a]:MleAmDiagGmmUpdate():mle-am-diag-gmm.cc:229) Removed 7 Gaussians due to counts < --min-gaussian-occupancy=10 and --remove-low-count-gaussians=true
LOG (gmm-est[5.5.145~1-b50a]:main():gmm-est.cc:113) GMM update: Overall 0.114493 objective function improvement per frame over 192234 frames
LOG (gmm-est[5.5.145~1-b50a]:main():gmm-est.cc:116) GMM update: Overall avg like per frame = -69.6806 over 192234 frames.
WARNING (gmm-est[5.5.145~1-b50a]:GetSplitTargets():model-common.cc:134) Could not split up to 10280 due to min-count = 20 (or no counts at all)
LOG (gmm-est[5.5.145~1-b50a]:SplitByCount():am-diag-gmm.cc:116) Split 104 states with target = 10280, power = 0.25, perturb_factor = 0.01 and min_count = 20, split #Gauss from 9554 to 9561
LOG (gmm-est[5.5.145~1-b50a]:main():gmm-est.cc:146) Written model to exp/tri/25.mdl
# Accounting: time=1 threads=1
# Ended (code 0) at Tue Jan 29 14:24:39 CST 2019, elapsed time 1 seconds
