# gmm-est --mix-up=8480 --power=0.25 --write-occs=exp/tri/20.occs exp/tri/19.mdl "gmm-sum-accs - exp/tri/19.*.acc |" exp/tri/20.mdl 
# Started at Tue Jan 29 14:24:15 CST 2019
#
gmm-est --mix-up=8480 --power=0.25 --write-occs=exp/tri/20.occs exp/tri/19.mdl 'gmm-sum-accs - exp/tri/19.*.acc |' exp/tri/20.mdl 
gmm-sum-accs - exp/tri/19.1.acc 
LOG (gmm-sum-accs[5.5.145~1-b50a]:main():gmm-sum-accs.cc:63) Summed 1 stats, total count 192234, avg like/frame -70.8093
LOG (gmm-sum-accs[5.5.145~1-b50a]:main():gmm-sum-accs.cc:66) Total count of stats is 192234
LOG (gmm-sum-accs[5.5.145~1-b50a]:main():gmm-sum-accs.cc:67) Written stats to -
LOG (gmm-est[5.5.145~1-b50a]:MleUpdate():transition-model.cc:528) TransitionModel::Update, objf change is 0 per frame over 192234 frames. 
LOG (gmm-est[5.5.145~1-b50a]:MleUpdate():transition-model.cc:531) 12 probabilities floored, 360 out of 470 transition-states skipped due to insuffient data (it is normal to have some skipped.)
LOG (gmm-est[5.5.145~1-b50a]:main():gmm-est.cc:102) Transition model update: Overall 0 log-like improvement per frame over 192234 frames.
WARNING (gmm-est[5.5.145~1-b50a]:MleDiagGmmUpdate():mle-diag-gmm.cc:365) Gaussian has too little data but not removing it because it is the last Gaussian: i = 0, occ = 0, weight = 1
WARNING (gmm-est[5.5.145~1-b50a]:MleDiagGmmUpdate():mle-diag-gmm.cc:359) Too little data - removing Gaussian (weight 0.003685, occupation count 9.607487, vector size 39)
WARNING (gmm-est[5.5.145~1-b50a]:MleDiagGmmUpdate():mle-diag-gmm.cc:359) Too little data - removing Gaussian (weight 0.002928, occupation count 8.722674, vector size 39)
WARNING (gmm-est[5.5.145~1-b50a]:MleDiagGmmUpdate():mle-diag-gmm.cc:359) Too little data - removing Gaussian (weight 0.003021, occupation count 8.771001, vector size 39)
WARNING (gmm-est[5.5.145~1-b50a]:MleDiagGmmUpdate():mle-diag-gmm.cc:359) Too little data - removing Gaussian (weight 0.003410, occupation count 9.281631, vector size 39)
WARNING (gmm-est[5.5.145~1-b50a]:MleDiagGmmUpdate():mle-diag-gmm.cc:359) Too little data - removing Gaussian (weight 0.006210, occupation count 9.997834, vector size 39)
WARNING (gmm-est[5.5.145~1-b50a]:MleDiagGmmUpdate():mle-diag-gmm.cc:359) Too little data - removing Gaussian (weight 0.004552, occupation count 9.572670, vector size 39)
LOG (gmm-est[5.5.145~1-b50a]:MleAmDiagGmmUpdate():mle-am-diag-gmm.cc:225) 9 variance elements floored in 9 Gaussians, out of 8117
LOG (gmm-est[5.5.145~1-b50a]:MleAmDiagGmmUpdate():mle-am-diag-gmm.cc:229) Removed 6 Gaussians due to counts < --min-gaussian-occupancy=10 and --remove-low-count-gaussians=true
LOG (gmm-est[5.5.145~1-b50a]:main():gmm-est.cc:113) GMM update: Overall 0.148462 objective function improvement per frame over 192234 frames
LOG (gmm-est[5.5.145~1-b50a]:main():gmm-est.cc:116) GMM update: Overall avg like per frame = -70.8093 over 192234 frames.
LOG (gmm-est[5.5.145~1-b50a]:SplitByCount():am-diag-gmm.cc:116) Split 104 states with target = 8480, power = 0.25, perturb_factor = 0.01 and min_count = 20, split #Gauss from 8117 to 8483
LOG (gmm-est[5.5.145~1-b50a]:main():gmm-est.cc:146) Written model to exp/tri/20.mdl
# Accounting: time=0 threads=1
# Ended (code 0) at Tue Jan 29 14:24:15 CST 2019, elapsed time 0 seconds
